###############################################################
#  Generated by:      Cadence Innovus 19.11-s128_1
#  OS:                Linux x86_64(Host ID engnx06a.utdallas.edu)
#  Generated on:      Sat May 10 01:42:39 2025
#  Design:            top
#  Command:           report_summary -no_html -out_file summaryReport.rpt
###############################################################


==============================
General Design Information
==============================
Design Status: Routed  
Design Name: top  
# Instances: 88442  
# Hard Macros: 14  
    ------------------------------
    Macro Cells in Netlist
    ------------------------------
              Macro Name   Instance Count  Area (um^2)  Area Percentage in Core  
           SRAM1RW128x12                8        11718.773           27.435%  
            SRAM1RW256x8                4         7443.309           17.425%  
             SRAM2RW16x8                2          337.048            0.789%  
# Std Cells: 88428  
    ------------------------------
    Standard Cells in Netlist
    ------------------------------
               Cell Type   Instance Count  Area (um^2)  
      AO22x2_ASAP7_75t_R                4           0.5832  
     HB1xp67_ASAP7_75t_R               10           0.5832  
     HB2xp67_ASAP7_75t_R               20           1.4580  
     HB3xp67_ASAP7_75t_R               16           1.3997  
       OR2x2_ASAP7_75t_R                2           0.1750  
      AO22x2_ASAP7_75t_L                4           0.5832  
       BUFx3_ASAP7_75t_L               11           0.9623  
    DECAPx10_ASAP7_75t_L            64640       20733.9264  
     DECAPx1_ASAP7_75t_L             1497          87.3050  
     DECAPx2_ASAP7_75t_L             2804         245.2939  
     DECAPx4_ASAP7_75t_L              581          84.7098  
     DECAPx6_ASAP7_75t_L             2791         569.6989  
    DFFHQNx1_ASAP7_75t_L               80          23.3280  
    DFFLQNx1_ASAP7_75t_L                1           0.2916  
      FILLER_ASAP7_75t_L             5040         146.9664  
    FILLERxp5_ASAP7_75t_L             3737          54.4855  
     HB1xp67_ASAP7_75t_L                7           0.4082  
     HB2xp67_ASAP7_75t_L                4           0.2916  
     HB3xp67_ASAP7_75t_L                1           0.0875  
       INVx1_ASAP7_75t_L                8           0.3499  
       INVx2_ASAP7_75t_L                8           0.4666  
    NAND2xp5_ASAP7_75t_L                2           0.1166  
    OAI21xp33_ASAP7_75t_L                4           0.2916  
      SDFHx1_ASAP7_75t_L                1           0.3645  
     TAPCELL_ASAP7_75t_L             4414         128.7122  
    A2O1A1Ixp33_ASAP7_75t_SL               85           7.4358  
     AND2x2_ASAP7_75t_SL              135          11.8098  
     AND3x1_ASAP7_75t_SL               12           1.0498  
     AND5x1_ASAP7_75t_SL                5           0.5832  
    AO221x1_ASAP7_75t_SL                3           0.4374  
     AO22x1_ASAP7_75t_SL               18           2.3620  
     AO32x1_ASAP7_75t_SL                2           0.2333  
    AOI21xp33_ASAP7_75t_SL               10           0.7290  
    AOI21xp5_ASAP7_75t_SL               37           2.6973  
    AOI221xp5_ASAP7_75t_SL               12           1.2247  
    AOI222xp33_ASAP7_75t_SL               80          11.6640  
    AOI22xp33_ASAP7_75t_SL               18           1.5746  
    AOI22xp5_ASAP7_75t_SL              140          12.2472  
    AOI311xp33_ASAP7_75t_SL                1           0.1021  
    AOI31xp33_ASAP7_75t_SL                5           0.4374  
    AOI321xp33_ASAP7_75t_SL                2           0.2333  
    AOI322xp5_ASAP7_75t_SL                5           0.6561  
    AOI33xp33_ASAP7_75t_SL                5           0.5832  
    ASYNC_DFFHx1_ASAP7_75t_SL               46          17.4377  
    BUFx12f_ASAP7_75t_SL                2           0.5249  
     BUFx24_ASAP7_75t_SL               22           9.6228  
      BUFx2_ASAP7_75t_SL               39           2.8431  
      BUFx3_ASAP7_75t_SL               14           1.2247  
      BUFx4_ASAP7_75t_SL                8           0.8165  
     BUFx4f_ASAP7_75t_SL                1           0.1166  
    DFFHQNx1_ASAP7_75t_SL               48          13.9968  
    DFFLQNx1_ASAP7_75t_SL              162          47.2392  
    HB1xp67_ASAP7_75t_SL              119           6.9401  
      INVx1_ASAP7_75t_SL              114           4.9864  
    INVxp67_ASAP7_75t_SL              108           4.7239  
    MAJIxp5_ASAP7_75t_SL               80           8.1648  
      MAJx2_ASAP7_75t_SL                6           0.7873  
    NAND2xp33_ASAP7_75t_SL                2           0.1166  
    NAND2xp5_ASAP7_75t_SL              128           7.4650  
    NAND3xp33_ASAP7_75t_SL                7           0.5103  
    NAND4xp25_ASAP7_75t_SL                6           0.5249  
    NAND5xp2_ASAP7_75t_SL                2           0.2041  
     NOR2x1_ASAP7_75t_SL                2           0.1750  
    NOR2xp33_ASAP7_75t_SL              104           6.0653  
    NOR3xp33_ASAP7_75t_SL               16           1.1664  
    NOR4xp25_ASAP7_75t_SL                3           0.2624  
    NOR5xp2_ASAP7_75t_SL                3           0.3062  
    O2A1O1Ixp33_ASAP7_75t_SL               24           2.0995  
    OA211x2_ASAP7_75t_SL                2           0.2333  
     OA21x2_ASAP7_75t_SL                5           0.5103  
    OA222x2_ASAP7_75t_SL                1           0.1750  
     OA22x2_ASAP7_75t_SL                1           0.1458  
    OAI211xp5_ASAP7_75t_SL               10           0.8748  
    OAI21xp5_ASAP7_75t_SL               16           1.1664  
    OAI22xp5_ASAP7_75t_SL               10           0.8748  
    OAI311xp33_ASAP7_75t_SL                2           0.2041  
    OAI321xp33_ASAP7_75t_SL                2           0.2333  
      OR2x2_ASAP7_75t_SL               29           2.5369  
      OR3x1_ASAP7_75t_SL                4           0.3499  
      OR5x1_ASAP7_75t_SL                1           0.1166  
     SDFHx1_ASAP7_75t_SL                6           2.1870  
    XNOR2xp5_ASAP7_75t_SL              124          16.2713  
    XOR2xp5_ASAP7_75t_SL              158          20.7328  
    BUFx10_ASAP7_75t_SRAM                3           0.6124  
    BUFx12f_ASAP7_75t_SRAM                1           0.2624  
    BUFx2_ASAP7_75t_SRAM                2           0.1458  
    BUFx6f_ASAP7_75t_SRAM                3           0.4374  
    HB1xp67_ASAP7_75t_SRAM               53           3.0910  
    HB2xp67_ASAP7_75t_SRAM               68           4.9572  
    HB3xp67_ASAP7_75t_SRAM              176          15.3965  
    HB4xp67_ASAP7_75t_SRAM              407          41.5384  
    INVx13_ASAP7_75t_SRAM                1           0.2187  
    INVxp33_ASAP7_75t_SRAM                2           0.0875  
    NOR2xp33_ASAP7_75t_SRAM                3           0.1750  
    OR2x2_ASAP7_75t_SRAM                9           0.7873  
    XNOR2x2_ASAP7_75t_SRAM                1           0.1604  
# Pads: 0  
# Net: 3215  
# Special Net: 2  
# IO Pins: 
    ------------------------------
    Issued IO Information
    ------------------------------
    # Unplaced IO Pin  0  
    # Floating IO  0  
    # IO Connected to Non-IO Inst  
        ------------------------------
        IO Connected to Non-IO Inst
        ------------------------------
                     IO Name      Non-IO Inst Name  
                     OutputR   PISOR/SerialOut_reg  
                     OutputL   PISOL/SerialOut_reg  
                    OutReady                  g211  
                     InReady  main_ctrl/FE_PHC612_InReady  
                      InputR      Sipo/g2525__7410  
                      InputL      Sipo/g2521__9945  
                       Start  main_ctrl/FE_PHC776_Start  
                       Frame       FE_PHC637_Frame  
                     Reset_n  main_ctrl/FE_PHC280_Reset_n  
                        Sclk     CTS_ccl_buf_00133  
                        Dclk  Sipo/CTS_ccl_a_buf_00136  11  11  
# Pins: 
    ------------------------------
    Correctness of Pin Connectivity for All Instances
    ------------------------------
    # Floating Terms  0  
    # Output Term Marked Tie Hi/Lo  0  
    # Output Term Shorted to PG Net  0  9473  
# PG Pins: 
    ------------------------------
    Correctness of PG Pin Connectivity for All Instances
    ------------------------------
    # Instances that No Net Defined for Any PG Pin  0  
    # Floating PG Terms  0  
    # PG Pins Connect to Non-PG Net  0  
    # Power Pins Connect Ground Net  0  
    # Ground Pins Connect Power Net  0  176884  
Average Pins Per Net(Signal): 2.947  

==============================
General Library Information
==============================
# Routing Layers: 10  
# Masterslice Layers: 4  
# Pin Layers: 
    General Caution:
        1) Library have M1, M2, M4, M5 and M7 pins, you should setPlaceMode -prerouteAsObs {1 2 3}                                 to ensure these pins are accessible after placement

    ------------------------------
    Pin Layers
    ------------------------------
    M7  
    M5  
    M4  
    M2  
    M1  5  
# Layers: 
    ------------------------------
    Layer Pad Information
    ------------------------------
    Type  Routing  
    Wire Pitch X  0.080 um  
    Wire Pitch Y  0.080 um  
    Offset X  0.040 um  
    Offset Y  0.040 um  
    Wire Width  0.040 um  
    Spacing  2.000 um  
    ------------------------------
    Layer V9 Information
    ------------------------------
    Type  Cut  
    Wire Width  0.040 um  
    Vias  
        ------------------------------
        Via list in layer V9
        ------------------------------
                  Vias in V9  Default  
           NR_VIA9_2x1_VH_VS      Yes  
           NR_VIA9_2x1_VH_VN      Yes  
            NR_VIA9_1x2_VH_H      Yes  
                  NR_VIA9_VH      Yes  
                     VIA9Pad      Yes  For complete list click here  
    ------------------------------
    Layer M9 Information
    ------------------------------
    Type  Routing  
    Wire Pitch X  0.080 um  
    Wire Pitch Y  0.080 um  
    Offset X  0.040 um  
    Offset Y  0.040 um  
    Wire Width  0.040 um  
    Spacing  0.040 um  
    ------------------------------
    Layer V8 Information
    ------------------------------
    Type  Cut  
    Wire Width  0.040 um  
    Vias  
        ------------------------------
        Via list in layer V8
        ------------------------------
                  Vias in V8  Default  
            NR_VIA8_1x2_HV_H      Yes  
            NR_VIA8_2x1_HV_V      Yes  
                       VIA89      Yes  For complete list click here  
    ------------------------------
    Layer M8 Information
    ------------------------------
    Type  Routing  
    Wire Pitch X  0.080 um  
    Wire Pitch Y  0.080 um  
    Offset X  0.040 um  
    Offset Y  0.040 um  
    Wire Width  0.040 um  
    Spacing  0.040 um  
    ------------------------------
    Layer V7 Information
    ------------------------------
    Type  Cut  
    Wire Width  0.032 um  
    Vias  
        ------------------------------
        Via list in layer V7
        ------------------------------
                  Vias in V7  Default  
            NR_VIA7_1x2_VH_H      Yes  
           NR_VIA7_2x1_VH_VS      Yes  
           NR_VIA7_2x1_VH_VN      Yes  
                NR_VIA7_VV_N      Yes  
                  NR_VIA7_HH      Yes  
                       VIA78      Yes  For complete list click here  
    ------------------------------
    Layer M7 Information
    ------------------------------
    Type  Routing  
    Wire Pitch X  0.064 um  
    Wire Pitch Y  0.064 um  
    Offset X  0.032 um  
    Offset Y  0.032 um  
    Wire Width  0.032 um  
    Spacing  0.032 um  
    ------------------------------
    Layer V6 Information
    ------------------------------
    Type  Cut  
    Vias  
        ------------------------------
        Via list in layer V6
        ------------------------------
                  Vias in V6  Default  
            NR_VIA6_1x2_HV_H      Yes  
            NR_VIA6_2x1_HV_V      Yes  
                  NR_VIA6_HH      Yes  
                  NR_VIA6_VV      Yes  
                  NR_VIA6_PV      Yes  
                       VIA67      Yes  For complete list click here  
    ------------------------------
    Layer M6 Information
    ------------------------------
    Type  Routing  
    Wire Pitch X  0.064 um  
    Wire Pitch Y  0.064 um  
    Offset X  0.032 um  
    Offset Y  0.032 um  
    Wire Width  0.032 um  
    Spacing  0.032 um  
    ------------------------------
    Layer V5 Information
    ------------------------------
    Type  Cut  
    Vias  
        ------------------------------
        Via list in layer V5
        ------------------------------
                  Vias in V5  Default  
            NR_VIA5_2x1_VH_V      Yes  
            NR_VIA5_1x2_VH_H      Yes  
                NR_VIA5_VV_H      Yes  
                NR_VIA5_VH_H      Yes  
                NR_VIA5_VV_V      Yes  
                NR_VIA5_HH_H      Yes  
                NR_VIA5_HH_V      Yes  
                       VIA56      Yes  For complete list click here  
    ------------------------------
    Layer M5 Information
    ------------------------------
    Type  Routing  
    Wire Pitch X  0.048 um  
    Wire Pitch Y  0.048 um  
    Wire Width  0.024 um  
    Spacing  0.024 um  
    ------------------------------
    Layer V4 Information
    ------------------------------
    Type  Cut  
    Vias  
        ------------------------------
        Via list in layer V4
        ------------------------------
                  Vias in V4  Default  
            NR_VIA4_1x2_HV_H      Yes  
            NR_VIA4_2x1_HV_V      Yes  
                  NR_VIA4_HH      Yes  
                  NR_VIA4_VV      Yes  
                  NR_VIA4_PV      Yes  
                       VIA45      Yes  For complete list click here  
    ------------------------------
    Layer M4 Information
    ------------------------------
    Type  Routing  
    Wire Pitch X  0.048 um  
    Wire Pitch Y  0.048 um  
    Offset X  0.003 um  
    Offset Y  0.003 um  
    Wire Width  0.024 um  
    Spacing  0.024 um  
    ------------------------------
    Layer V3 Information
    ------------------------------
    Type  Cut  
    Vias  
        ------------------------------
        Via list in layer V3
        ------------------------------
                  Vias in V3  Default  
            NR_VIA3_2x1_VH_V      Yes  
            NR_VIA3_1x2_VH_H      Yes  
                NR_VIA3_VV_V      Yes  
                NR_VIA3_VV_H      Yes  
                NR_VIA3_VH_H      Yes  
                NR_VIA3_PH_V      Yes  
                       VIA34      Yes  For complete list click here  
    ------------------------------
    Layer M3 Information
    ------------------------------
    Type  Routing  
    Wire Pitch X  0.036 um  
    Wire Pitch Y  0.036 um  
    Wire Width  0.018 um  
    Spacing  0.018 um  
    ------------------------------
    Layer V2 Information
    ------------------------------
    Type  Cut  
    Wire Width  0.018 um  
    Vias  
        ------------------------------
        Via list in layer V2
        ------------------------------
                  Vias in V2  Default  
            NR_VIA2_1x2_HV_H      Yes  
            NR_VIA2_2x1_HV_V      Yes  
                  NR_VIA2_HH      Yes  
                  NR_VIA2_VV      Yes  
                       VIA23      Yes  For complete list click here  
    ------------------------------
    Layer M2 Information
    ------------------------------
    Type  Routing  
    Wire Pitch X  0.036 um  
    Wire Pitch Y  0.036 um  
    Wire Width  0.018 um  
    Spacing  0.018 um  
    ------------------------------
    Layer V1 Information
    ------------------------------
    Type  Cut  
    Wire Width  0.018 um  
    Vias  
        ------------------------------
        Via list in layer V1
        ------------------------------
                  Vias in V1  Default  
            NR_VIA1_2x1_VH_V      Yes  
           NR_VIA1_1x2_VH_HW      Yes  
           NR_VIA1_1x2_VH_HE      Yes  
                  NR_VIA1_VV      Yes  
                  NR_VIA1_HH      Yes  
                       VIA12      Yes  For complete list click here  
    ------------------------------
    Layer M1 Information
    ------------------------------
    Type  Routing  
    Wire Pitch X  0.036 um  
    Wire Pitch Y  0.036 um  
    Wire Width  0.018 um  
    Spacing  0.018 um  
    ------------------------------
    Layer V0 Information
    ------------------------------
    Type  Cut  
    Wire Width  0.018 um  
    Vias  
        ------------------------------
        Via list in layer V0
        ------------------------------  
    ------------------------------
    Layer Active Information
    ------------------------------
    Type  Masterslice  
    ------------------------------
    Layer Gate Information
    ------------------------------
    Type  Masterslice  24  
# Pins without Physical Port: 0  
# Pins in Library without Timing Lib: 0  
# Pins Missing Direction: 0  
Antenna Summary Report: 
    General Caution:
        1) All Antenna Constructs are absent for the layer section of LEF.
        2) All Antenna Constructs are absent for the macro section of LEF.For more information click here  
# Cells Missing LEF Info: 0  
# Cells with Dimension Errors: 
    ------------------------------
    Size of cell is not an integer multiple of its site
    ------------------------------
               Cell Name        Tech Site name  
    ICGx2p67DC_ASAP7_75t_R           asap7sc7p5t  
     ICGx4DC_ASAP7_75t_R           asap7sc7p5t  
    ICGx5p33DC_ASAP7_75t_R           asap7sc7p5t  
    ICGx6p67DC_ASAP7_75t_R           asap7sc7p5t  
     ICGx8DC_ASAP7_75t_R           asap7sc7p5t  
    ICGx2p67DC_ASAP7_75t_L           asap7sc7p5t  
     ICGx4DC_ASAP7_75t_L           asap7sc7p5t  
    ICGx5p33DC_ASAP7_75t_L           asap7sc7p5t  
    ICGx6p67DC_ASAP7_75t_L           asap7sc7p5t  
     ICGx8DC_ASAP7_75t_L           asap7sc7p5t  
    ICGx2p67DC_ASAP7_75t_SL           asap7sc7p5t  
    ICGx4DC_ASAP7_75t_SL           asap7sc7p5t  
    ICGx5p33DC_ASAP7_75t_SL           asap7sc7p5t  
    ICGx6p67DC_ASAP7_75t_SL           asap7sc7p5t  
    ICGx8DC_ASAP7_75t_SL           asap7sc7p5t  
    ICGx2p67DC_ASAP7_75t_SRAM           asap7sc7p5t  
    ICGx4DC_ASAP7_75t_SRAM           asap7sc7p5t  
    ICGx5p33DC_ASAP7_75t_SRAM           asap7sc7p5t  
    ICGx6p67DC_ASAP7_75t_SRAM           asap7sc7p5t  
    ICGx8DC_ASAP7_75t_SRAM           asap7sc7p5t  
           SRAM1RW128x12           asap7sc7p5t  
            SRAM1RW256x8           asap7sc7p5t  
             SRAM2RW16x8           asap7sc7p5t  23  

==============================
Netlist Information
==============================
# HFO (>200) Nets: 0  
# No-driven Nets: 55  
    General Caution:
        1) TODO
    No-driven Nets  
    alu_ctrl/next_stateR[1]  
    COR/mem_0_3_O[9]  
    COR/mem_0_3_O[10]  
    COR/mem_0_3_O[11]  
    COR/mem_0_2_O[9]  
    COR/mem_0_2_O[10]  
    COR/mem_0_2_O[11]  
    COR/mem_0_1_O[9]  
    COR/mem_0_1_O[10]  
    COR/mem_0_1_O[11]  
    COR/mem_0_0_O[9]  
    COR/mem_0_0_O[10]  
    COR/mem_0_0_O[11]  
    COL/mem_0_3_O[9]  
    COL/mem_0_3_O[10]  
    COL/mem_0_3_O[11]  
    COL/mem_0_2_O[9]  
    COL/mem_0_2_O[10]  
    COL/mem_0_2_O[11]  
    COL/mem_0_1_O[9]  
    COL/mem_0_1_O[10]  
    COL/mem_0_1_O[11]  
    COL/mem_0_0_O[9]  
    COL/mem_0_0_O[10]  
    COL/mem_0_0_O[11]  
    rjdataR[8]  
    rjdataR[9]  
    rjdataR[10]  
    rjdataR[11]  
    rjdataR[12]  
    rjdataR[13]  
    rjdataR[14]  
    rjdataR[15]  
    rjdataL[8]  
    rjdataL[9]  
    rjdataL[10]  
    rjdataL[11]  
    rjdataL[12]  
    rjdataL[13]  
    rjdataL[14]  
    rjdataL[15]  
    coeffdataR[9]  
    coeffdataR[10]  
    coeffdataR[11]  
    coeffdataR[12]  
    coeffdataR[13]  
    coeffdataR[14]  
    coeffdataR[15]  
    coeffdataL[9]  
    coeffdataL[10]  
    coeffdataL[11]  
    coeffdataL[12]  
    coeffdataL[13]  
    coeffdataL[14]  
    coeffdataL[15]  
# Multi-driven Nets: 48  
    General Caution:
        1) These nets will be excluded from optimization and are normally not produced by synthesis.  There are many cicrumstances where such nets are specifically coded however (bus keepers, wired logic, redundancy etc.)
        2) For the specific case of bus keepers, consider changing your .lib pin for the keeper cell to be type "input".  This will allow Innovus to fully optimize the net if necessary.
    Multi-driven Nets  Fanin  Driver Names  
    alu_ctrl/g11460 Y  
    data_memR/mem_0_0 O[0]  
    alu_ctrl/g11459 Y  
    data_memR/mem_0_0 O[1]  
    alu_ctrl/g11458 Y  
    data_memR/mem_0_0 O[2]  
    alu_ctrl/g11457 Y  
    data_memR/mem_0_0 O[3]  
    alu_ctrl/g11456 Y  
    data_memR/mem_0_0 O[4]  
    alu_ctrl/g11455 Y  
    data_memR/mem_0_0 O[5]  
    alu_ctrl/g11454 Y  
    data_memR/mem_0_0 O[6]  
    alu_ctrl/g11453 Y  
    data_memR/mem_0_0 O[7]  
    alu_ctrl/g11452 Y  
    data_memR/mem_0_1 O[0]  
    alu_ctrl/g11451 Y  
    data_memR/mem_0_1 O[1]  
    alu_ctrl/g11450 Y  
    data_memR/mem_0_1 O[2]  
    alu_ctrl/g11449 Y  
    data_memR/mem_0_1 O[3]  
    alu_ctrl/g11448 Y  
    data_memR/mem_0_1 O[4]  
    alu_ctrl/g11447 Y  
    data_memR/mem_0_1 O[5]  
    alu_ctrl/g11446 Y  
    data_memR/mem_0_1 O[6]  
    alu_ctrl/g11445 Y  
    data_memR/mem_0_1 O[7]  
    alu_ctrl/g11476 Y  
    g227 Y  
    alu_ctrl/g11475 Y  
    g226 Y  
    alu_ctrl/g11474 Y  
    g225 Y  
    alu_ctrl/g11473 Y  
    g224 Y  
    alu_ctrl/g11472 Y  
    g223 Y  
    alu_ctrl/g11471 Y  
    g222 Y  
    alu_ctrl/g11470 Y  
    g221 Y  
    alu_ctrl/g11469 Y  
    g220 Y  
    alu_ctrl/g11444 Y  
    data_memL/mem_0_0 O[0]  
    alu_ctrl/g11443 Y  
    data_memL/mem_0_0 O[1]  
    alu_ctrl/g11442 Y  
    data_memL/mem_0_0 O[2]  
    alu_ctrl/g11441 Y  
    data_memL/mem_0_0 O[3]  
    alu_ctrl/g11440 Y  
    data_memL/mem_0_0 O[4]  
    alu_ctrl/g11439 Y  
    data_memL/mem_0_0 O[5]  
    alu_ctrl/g11438 Y  
    data_memL/mem_0_0 O[6]  
    alu_ctrl/g11437 Y  
    data_memL/mem_0_0 O[7]  
    alu_ctrl/g11436 Y  
    data_memL/mem_0_1 O[0]  
    alu_ctrl/g11435 Y  
    data_memL/mem_0_1 O[1]  
    alu_ctrl/g11434 Y  
    data_memL/mem_0_1 O[2]  
    alu_ctrl/g11433 Y  
    data_memL/mem_0_1 O[3]  
    alu_ctrl/g11432 Y  
    data_memL/mem_0_1 O[4]  
    alu_ctrl/g11431 Y  
    data_memL/mem_0_1 O[5]  
    alu_ctrl/g11430 Y  
    data_memL/mem_0_1 O[6]  
    alu_ctrl/g11429 Y  
    data_memL/mem_0_1 O[7]  
    alu_ctrl/g11468 Y  
    g213 Y  
    alu_ctrl/g11467 Y  
    g212 Y  
    alu_ctrl/g11466 Y  
    g219 Y  
    alu_ctrl/g11465 Y  
    g218 Y  
    alu_ctrl/g11464 Y  
    g217 Y  
    alu_ctrl/g11461 Y  
    g216 Y  
    alu_ctrl/g11463 Y  
    g215 Y  
    alu_ctrl/g11462 Y  
    g214 Y  
# Assign Statements: 0  
Is Design Uniquified: YES  
# Pins in Netlist without timing lib: 0  

==============================

==============================
: Internal  External  
No of Nets:       3043           0  
No of Connections:       6312           0  
Total Net Length (X): 1.4224e+04  0.0000e+00  
Total Net Length (Y): 9.0199e+03  0.0000e+00  
Total Net Length: 2.3244e+04  0.0000e+00  

==============================
Timing Information
==============================
# Clocks in design: 
    ------------------------------
    Clocks in Design
    ------------------------------
    @  
    Sclk  
    Dclk  
    *  
    @  
    Sclk  
    Dclk  
    *  8  
# Generated clocks: 0  
# "dont_use" cells from .libs: 
    ------------------------------
    Dont_use Cell List
    ------------------------------
    A2O1A1O1Ixp25_ASAP7_75t_R  
    AND4x1_ASAP7_75t_R  
    AO21x1_ASAP7_75t_R  
    AO21x2_ASAP7_75t_R  
    AOI211xp5_ASAP7_75t_R  
    AOI32xp33_ASAP7_75t_R  
    FAx1_ASAP7_75t_R  
    ICGx2p67DC_ASAP7_75t_R  
    ICGx4DC_ASAP7_75t_R  
    ICGx5p33DC_ASAP7_75t_R  
    ICGx6p67DC_ASAP7_75t_R  
    ICGx8DC_ASAP7_75t_R  
    OAI21x1_ASAP7_75t_R  
    OAI221xp5_ASAP7_75t_R  
    OAI31xp33_ASAP7_75t_R  
    OAI31xp67_ASAP7_75t_R  
    OAI322xp33_ASAP7_75t_R  
    OAI32xp33_ASAP7_75t_R  
    OAI33xp33_ASAP7_75t_R  
    OR2x6_ASAP7_75t_R  
    SDFLx1_ASAP7_75t_R  
    SDFLx2_ASAP7_75t_R  
    SDFLx3_ASAP7_75t_R  
    XNOR2x1_ASAP7_75t_R  
    XOR2x2_ASAP7_75t_R  
    A2O1A1O1Ixp25_ASAP7_75t_L  
    AND4x1_ASAP7_75t_L  
    AO21x1_ASAP7_75t_L  
    AO21x2_ASAP7_75t_L  
    AOI211xp5_ASAP7_75t_L  
    AOI32xp33_ASAP7_75t_L  
    FAx1_ASAP7_75t_L  
    ICGx2p67DC_ASAP7_75t_L  
    ICGx4DC_ASAP7_75t_L  
    ICGx5p33DC_ASAP7_75t_L  
    ICGx6p67DC_ASAP7_75t_L  
    ICGx8DC_ASAP7_75t_L  
    OAI21x1_ASAP7_75t_L  
    OAI221xp5_ASAP7_75t_L  
    OAI31xp33_ASAP7_75t_L  
    OAI31xp67_ASAP7_75t_L  
    OAI322xp33_ASAP7_75t_L  
    OAI32xp33_ASAP7_75t_L  
    OAI33xp33_ASAP7_75t_L  
    OR2x6_ASAP7_75t_L  
    SDFLx1_ASAP7_75t_L  
    SDFLx2_ASAP7_75t_L  
    SDFLx3_ASAP7_75t_L  
    XNOR2x1_ASAP7_75t_L  
    XOR2x2_ASAP7_75t_L  
    A2O1A1O1Ixp25_ASAP7_75t_SL  
    AND4x1_ASAP7_75t_SL  
    AO21x1_ASAP7_75t_SL  
    AO21x2_ASAP7_75t_SL  
    AOI211xp5_ASAP7_75t_SL  
    AOI32xp33_ASAP7_75t_SL  
    FAx1_ASAP7_75t_SL  
    ICGx2p67DC_ASAP7_75t_SL  
    ICGx4DC_ASAP7_75t_SL  
    ICGx5p33DC_ASAP7_75t_SL  
    ICGx6p67DC_ASAP7_75t_SL  
    ICGx8DC_ASAP7_75t_SL  
    OAI21x1_ASAP7_75t_SL  
    OAI221xp5_ASAP7_75t_SL  
    OAI31xp33_ASAP7_75t_SL  
    OAI31xp67_ASAP7_75t_SL  
    OAI322xp33_ASAP7_75t_SL  
    OAI32xp33_ASAP7_75t_SL  
    OAI33xp33_ASAP7_75t_SL  
    OR2x6_ASAP7_75t_SL  
    SDFLx1_ASAP7_75t_SL  
    SDFLx2_ASAP7_75t_SL  
    SDFLx3_ASAP7_75t_SL  
    XNOR2x1_ASAP7_75t_SL  
    XOR2x2_ASAP7_75t_SL  
    A2O1A1O1Ixp25_ASAP7_75t_SRAM  
    AND4x1_ASAP7_75t_SRAM  
    AO21x1_ASAP7_75t_SRAM  
    AO21x2_ASAP7_75t_SRAM  
    AOI211xp5_ASAP7_75t_SRAM  
    AOI32xp33_ASAP7_75t_SRAM  
    FAx1_ASAP7_75t_SRAM  
    ICGx2p67DC_ASAP7_75t_SRAM  
    ICGx4DC_ASAP7_75t_SRAM  
    ICGx5p33DC_ASAP7_75t_SRAM  
    ICGx6p67DC_ASAP7_75t_SRAM  
    ICGx8DC_ASAP7_75t_SRAM  
    OAI21x1_ASAP7_75t_SRAM  
    OAI221xp5_ASAP7_75t_SRAM  
    OAI31xp33_ASAP7_75t_SRAM  
    OAI31xp67_ASAP7_75t_SRAM  
    OAI322xp33_ASAP7_75t_SRAM  
    OAI32xp33_ASAP7_75t_SRAM  
    OAI33xp33_ASAP7_75t_SRAM  
    OR2x6_ASAP7_75t_SRAM  
    SDFLx1_ASAP7_75t_SRAM  
    SDFLx2_ASAP7_75t_SRAM  
    SDFLx3_ASAP7_75t_SRAM  
    XNOR2x1_ASAP7_75t_SRAM  
    XOR2x2_ASAP7_75t_SRAM  
    SRAM1RW128x12  
    SRAM1RW256x8  
    SRAM2RW16x8  103  
# "dont_touch" cells from .libs: 
    ------------------------------
    Dont_touch Cell List
    ------------------------------
    SRAM1RW128x12  
    SRAM1RW256x8  
    SRAM2RW16x8  3  
# Cells in .lib with max_tran: 
    ------------------------------
    Cell List with max_tran
    ------------------------------
               Cell Name  Max Transition (ps)  
    A2O1A1Ixp33_ASAP7_75t_R  320  
    A2O1A1O1Ixp25_ASAP7_75t_R  320  
      AND2x2_ASAP7_75t_R  4000  
      AND2x4_ASAP7_75t_R  4000  
      AND2x6_ASAP7_75t_R  4000  
      AND3x1_ASAP7_75t_R  4000  
      AND3x2_ASAP7_75t_R  4000  
      AND3x4_ASAP7_75t_R  4000  
      AND4x1_ASAP7_75t_R  4000  
      AND4x2_ASAP7_75t_R  4000  
      AND5x1_ASAP7_75t_R  4000  
      AND5x2_ASAP7_75t_R  4000  
     AO211x2_ASAP7_75t_R  320  
      AO21x1_ASAP7_75t_R  320  
      AO21x2_ASAP7_75t_R  320  
     AO221x1_ASAP7_75t_R  320  
     AO221x2_ASAP7_75t_R  320  
     AO222x2_ASAP7_75t_R  320  
      AO22x1_ASAP7_75t_R  320  
      AO22x2_ASAP7_75t_R  320  
      AO31x2_ASAP7_75t_R  320  
     AO322x2_ASAP7_75t_R  320  
      AO32x1_ASAP7_75t_R  320  
      AO32x2_ASAP7_75t_R  320  
     AO331x1_ASAP7_75t_R  320  
     AO331x2_ASAP7_75t_R  320  
     AO332x1_ASAP7_75t_R  320  
     AO332x2_ASAP7_75t_R  320  
     AO333x1_ASAP7_75t_R  320  
     AO333x2_ASAP7_75t_R  320  
      AO33x2_ASAP7_75t_R  320  
    AOI211x1_ASAP7_75t_R  320  
    AOI211xp5_ASAP7_75t_R  320  
     AOI21x1_ASAP7_75t_R  320  
    AOI21xp33_ASAP7_75t_R  320  
    AOI21xp5_ASAP7_75t_R  320  
    AOI221x1_ASAP7_75t_R  320  
    AOI221xp5_ASAP7_75t_R  320  
    AOI222xp33_ASAP7_75t_R  320  
     AOI22x1_ASAP7_75t_R  320  
    AOI22xp33_ASAP7_75t_R  320  
    AOI22xp5_ASAP7_75t_R  320  
    AOI311xp33_ASAP7_75t_R  320  
    AOI31xp33_ASAP7_75t_R  320  
    AOI31xp67_ASAP7_75t_R  320  
    AOI321xp33_ASAP7_75t_R  320  
    AOI322xp5_ASAP7_75t_R  320  
    AOI32xp33_ASAP7_75t_R  320  
    AOI331xp33_ASAP7_75t_R  320  
    AOI332xp33_ASAP7_75t_R  320  
    AOI333xp33_ASAP7_75t_R  320  
    AOI33xp33_ASAP7_75t_R  320  
    ASYNC_DFFHx1_ASAP7_75t_R  320  
      BUFx10_ASAP7_75t_R  320  
      BUFx12_ASAP7_75t_R  320  
     BUFx12f_ASAP7_75t_R  320  
     BUFx16f_ASAP7_75t_R  320  
      BUFx24_ASAP7_75t_R  320  
       BUFx2_ASAP7_75t_R  320  
       BUFx3_ASAP7_75t_R  320  
       BUFx4_ASAP7_75t_R  320  
      BUFx4f_ASAP7_75t_R  320  
       BUFx5_ASAP7_75t_R  320  
      BUFx6f_ASAP7_75t_R  320  
       BUFx8_ASAP7_75t_R  320  
    CKINVDCx10_ASAP7_75t_R  320  
    CKINVDCx11_ASAP7_75t_R  320  
    CKINVDCx12_ASAP7_75t_R  320  
    CKINVDCx14_ASAP7_75t_R  320  
    CKINVDCx16_ASAP7_75t_R  320  
    CKINVDCx20_ASAP7_75t_R  320  
    CKINVDCx5p33_ASAP7_75t_R  320  
    CKINVDCx6p67_ASAP7_75t_R  320  
    CKINVDCx8_ASAP7_75t_R  320  
    CKINVDCx9p33_ASAP7_75t_R  320  
    DFFHQNx1_ASAP7_75t_R  320  
    DFFHQNx2_ASAP7_75t_R  320  
    DFFHQNx3_ASAP7_75t_R  320  
     DFFHQx4_ASAP7_75t_R  320  
    DFFLQNx1_ASAP7_75t_R  320  
    DFFLQNx2_ASAP7_75t_R  320  
    DFFLQNx3_ASAP7_75t_R  320  
     DFFLQx4_ASAP7_75t_R  320  
       DHLx1_ASAP7_75t_R  320  
       DHLx2_ASAP7_75t_R  320  
       DHLx3_ASAP7_75t_R  320  
       DLLx1_ASAP7_75t_R  320  
       DLLx2_ASAP7_75t_R  320  
       DLLx3_ASAP7_75t_R  320  
        FAx1_ASAP7_75t_R  4000  
       HAxp5_ASAP7_75t_R  4000  
     HB1xp67_ASAP7_75t_R  320  
     HB2xp67_ASAP7_75t_R  320  
     HB3xp67_ASAP7_75t_R  320  
     HB4xp67_ASAP7_75t_R  320  
       ICGx1_ASAP7_75t_R  320  
       ICGx2_ASAP7_75t_R  320  
    ICGx2p67DC_ASAP7_75t_R  320  
       ICGx3_ASAP7_75t_R  320  
     ICGx4DC_ASAP7_75t_R  320  
       ICGx4_ASAP7_75t_R  320  
       ICGx5_ASAP7_75t_R  320  
    ICGx5p33DC_ASAP7_75t_R  320  
    ICGx6p67DC_ASAP7_75t_R  320  
     ICGx8DC_ASAP7_75t_R  320  
      INVx11_ASAP7_75t_R  320  
      INVx13_ASAP7_75t_R  320  
       INVx1_ASAP7_75t_R  320  
       INVx2_ASAP7_75t_R  320  
       INVx3_ASAP7_75t_R  320  
       INVx4_ASAP7_75t_R  320  
       INVx5_ASAP7_75t_R  320  
       INVx6_ASAP7_75t_R  320  
       INVx8_ASAP7_75t_R  320  
     INVxp33_ASAP7_75t_R  320  
     INVxp67_ASAP7_75t_R  320  
     MAJIxp5_ASAP7_75t_R  4000  
       MAJx2_ASAP7_75t_R  4000  
       MAJx3_ASAP7_75t_R  4000  
     NAND2x1_ASAP7_75t_R  4000  
    NAND2x1p5_ASAP7_75t_R  4000  
     NAND2x2_ASAP7_75t_R  4000  
    NAND2xp33_ASAP7_75t_R  4000  
    NAND2xp5_ASAP7_75t_R  4000  
    NAND2xp67_ASAP7_75t_R  4000  
     NAND3x1_ASAP7_75t_R  4000  
     NAND3x2_ASAP7_75t_R  4000  
    NAND3xp33_ASAP7_75t_R  4000  
    NAND4xp25_ASAP7_75t_R  4000  
    NAND4xp75_ASAP7_75t_R  4000  
    NAND5xp2_ASAP7_75t_R  4000  
      NOR2x1_ASAP7_75t_R  4000  
    NOR2x1p5_ASAP7_75t_R  4000  
      NOR2x2_ASAP7_75t_R  4000  
    NOR2xp33_ASAP7_75t_R  4000  
    NOR2xp67_ASAP7_75t_R  4000  
      NOR3x1_ASAP7_75t_R  4000  
      NOR3x2_ASAP7_75t_R  4000  
    NOR3xp33_ASAP7_75t_R  4000  
    NOR4xp25_ASAP7_75t_R  4000  
    NOR4xp75_ASAP7_75t_R  4000  
     NOR5xp2_ASAP7_75t_R  4000  
    O2A1O1Ixp33_ASAP7_75t_R  320  
    O2A1O1Ixp5_ASAP7_75t_R  320  
     OA211x2_ASAP7_75t_R  320  
      OA21x2_ASAP7_75t_R  320  
     OA221x2_ASAP7_75t_R  320  
     OA222x2_ASAP7_75t_R  320  
      OA22x2_ASAP7_75t_R  320  
      OA31x2_ASAP7_75t_R  320  
     OA331x1_ASAP7_75t_R  320  
     OA331x2_ASAP7_75t_R  320  
     OA332x1_ASAP7_75t_R  320  
     OA332x2_ASAP7_75t_R  320  
     OA333x1_ASAP7_75t_R  320  
     OA333x2_ASAP7_75t_R  320  
      OA33x2_ASAP7_75t_R  320  
    OAI211xp5_ASAP7_75t_R  320  
     OAI21x1_ASAP7_75t_R  320  
    OAI21xp33_ASAP7_75t_R  320  
    OAI21xp5_ASAP7_75t_R  320  
    OAI221xp5_ASAP7_75t_R  320  
    OAI222xp33_ASAP7_75t_R  320  
     OAI22x1_ASAP7_75t_R  320  
    OAI22xp33_ASAP7_75t_R  320  
    OAI22xp5_ASAP7_75t_R  320  
    OAI311xp33_ASAP7_75t_R  320  
    OAI31xp33_ASAP7_75t_R  320  
    OAI31xp67_ASAP7_75t_R  320  
    OAI321xp33_ASAP7_75t_R  320  
    OAI322xp33_ASAP7_75t_R  320  
    OAI32xp33_ASAP7_75t_R  320  
    OAI331xp33_ASAP7_75t_R  320  
    OAI332xp33_ASAP7_75t_R  320  
    OAI333xp33_ASAP7_75t_R  320  
    OAI33xp33_ASAP7_75t_R  320  
       OR2x2_ASAP7_75t_R  4000  
       OR2x4_ASAP7_75t_R  4000  
       OR2x6_ASAP7_75t_R  4000  
       OR3x1_ASAP7_75t_R  4000  
       OR3x2_ASAP7_75t_R  4000  
       OR3x4_ASAP7_75t_R  4000  
       OR4x1_ASAP7_75t_R  4000  
       OR4x2_ASAP7_75t_R  4000  
       OR5x1_ASAP7_75t_R  4000  
       OR5x2_ASAP7_75t_R  4000  
      SDFHx1_ASAP7_75t_R  320  
      SDFHx2_ASAP7_75t_R  320  
      SDFHx3_ASAP7_75t_R  320  
      SDFHx4_ASAP7_75t_R  320  
      SDFLx1_ASAP7_75t_R  320  
      SDFLx2_ASAP7_75t_R  320  
      SDFLx3_ASAP7_75t_R  320  
      SDFLx4_ASAP7_75t_R  320  
     TIEHIx1_ASAP7_75t_R  4000  
     TIELOx1_ASAP7_75t_R  4000  
     XNOR2x1_ASAP7_75t_R  4000  
     XNOR2x2_ASAP7_75t_R  4000  
    XNOR2xp5_ASAP7_75t_R  4000  
      XOR2x1_ASAP7_75t_R  4000  
      XOR2x2_ASAP7_75t_R  4000  
     XOR2xp5_ASAP7_75t_R  4000  
    A2O1A1Ixp33_ASAP7_75t_L  320  
    A2O1A1O1Ixp25_ASAP7_75t_L  320  
      AND2x2_ASAP7_75t_L  4000  
      AND2x4_ASAP7_75t_L  4000  
      AND2x6_ASAP7_75t_L  4000  
      AND3x1_ASAP7_75t_L  4000  
      AND3x2_ASAP7_75t_L  4000  
      AND3x4_ASAP7_75t_L  4000  
      AND4x1_ASAP7_75t_L  4000  
      AND4x2_ASAP7_75t_L  4000  
      AND5x1_ASAP7_75t_L  4000  
      AND5x2_ASAP7_75t_L  4000  
     AO211x2_ASAP7_75t_L  320  
      AO21x1_ASAP7_75t_L  320  
      AO21x2_ASAP7_75t_L  320  
     AO221x1_ASAP7_75t_L  320  
     AO221x2_ASAP7_75t_L  320  
     AO222x2_ASAP7_75t_L  320  
      AO22x1_ASAP7_75t_L  320  
      AO22x2_ASAP7_75t_L  320  
      AO31x2_ASAP7_75t_L  320  
     AO322x2_ASAP7_75t_L  320  
      AO32x1_ASAP7_75t_L  320  
      AO32x2_ASAP7_75t_L  320  
     AO331x1_ASAP7_75t_L  320  
     AO331x2_ASAP7_75t_L  320  
     AO332x1_ASAP7_75t_L  320  
     AO332x2_ASAP7_75t_L  320  
     AO333x1_ASAP7_75t_L  320  
     AO333x2_ASAP7_75t_L  320  
      AO33x2_ASAP7_75t_L  320  
    AOI211x1_ASAP7_75t_L  320  
    AOI211xp5_ASAP7_75t_L  320  
     AOI21x1_ASAP7_75t_L  320  
    AOI21xp33_ASAP7_75t_L  320  
    AOI21xp5_ASAP7_75t_L  320  
    AOI221x1_ASAP7_75t_L  320  
    AOI221xp5_ASAP7_75t_L  320  
    AOI222xp33_ASAP7_75t_L  320  
     AOI22x1_ASAP7_75t_L  320  
    AOI22xp33_ASAP7_75t_L  320  
    AOI22xp5_ASAP7_75t_L  320  
    AOI311xp33_ASAP7_75t_L  320  
    AOI31xp33_ASAP7_75t_L  320  
    AOI31xp67_ASAP7_75t_L  320  
    AOI321xp33_ASAP7_75t_L  320  
    AOI322xp5_ASAP7_75t_L  320  
    AOI32xp33_ASAP7_75t_L  320  
    AOI331xp33_ASAP7_75t_L  320  
    AOI332xp33_ASAP7_75t_L  320  
    AOI333xp33_ASAP7_75t_L  320  
    AOI33xp33_ASAP7_75t_L  320  
    ASYNC_DFFHx1_ASAP7_75t_L  320  
      BUFx10_ASAP7_75t_L  320  
      BUFx12_ASAP7_75t_L  320  
     BUFx12f_ASAP7_75t_L  320  
     BUFx16f_ASAP7_75t_L  320  
      BUFx24_ASAP7_75t_L  320  
       BUFx2_ASAP7_75t_L  320  
       BUFx3_ASAP7_75t_L  320  
       BUFx4_ASAP7_75t_L  320  
      BUFx4f_ASAP7_75t_L  320  
       BUFx5_ASAP7_75t_L  320  
      BUFx6f_ASAP7_75t_L  320  
       BUFx8_ASAP7_75t_L  320  
    CKINVDCx10_ASAP7_75t_L  320  
    CKINVDCx11_ASAP7_75t_L  320  
    CKINVDCx12_ASAP7_75t_L  320  
    CKINVDCx14_ASAP7_75t_L  320  
    CKINVDCx16_ASAP7_75t_L  320  
    CKINVDCx20_ASAP7_75t_L  320  
    CKINVDCx5p33_ASAP7_75t_L  320  
    CKINVDCx6p67_ASAP7_75t_L  320  
    CKINVDCx8_ASAP7_75t_L  320  
    CKINVDCx9p33_ASAP7_75t_L  320  
    DFFHQNx1_ASAP7_75t_L  320  
    DFFHQNx2_ASAP7_75t_L  320  
    DFFHQNx3_ASAP7_75t_L  320  
     DFFHQx4_ASAP7_75t_L  320  
    DFFLQNx1_ASAP7_75t_L  320  
    DFFLQNx2_ASAP7_75t_L  320  
    DFFLQNx3_ASAP7_75t_L  320  
     DFFLQx4_ASAP7_75t_L  320  
       DHLx1_ASAP7_75t_L  320  
       DHLx2_ASAP7_75t_L  320  
       DHLx3_ASAP7_75t_L  320  
       DLLx1_ASAP7_75t_L  320  
       DLLx2_ASAP7_75t_L  320  
       DLLx3_ASAP7_75t_L  320  
        FAx1_ASAP7_75t_L  4000  
       HAxp5_ASAP7_75t_L  4000  
     HB1xp67_ASAP7_75t_L  320  
     HB2xp67_ASAP7_75t_L  320  
     HB3xp67_ASAP7_75t_L  320  
     HB4xp67_ASAP7_75t_L  320  
       ICGx1_ASAP7_75t_L  320  
       ICGx2_ASAP7_75t_L  320  
    ICGx2p67DC_ASAP7_75t_L  320  
       ICGx3_ASAP7_75t_L  320  
     ICGx4DC_ASAP7_75t_L  320  
       ICGx4_ASAP7_75t_L  320  
       ICGx5_ASAP7_75t_L  320  
    ICGx5p33DC_ASAP7_75t_L  320  
    ICGx6p67DC_ASAP7_75t_L  320  
     ICGx8DC_ASAP7_75t_L  320  
      INVx11_ASAP7_75t_L  320  
      INVx13_ASAP7_75t_L  320  
       INVx1_ASAP7_75t_L  320  
       INVx2_ASAP7_75t_L  320  
       INVx3_ASAP7_75t_L  320  
       INVx4_ASAP7_75t_L  320  
       INVx5_ASAP7_75t_L  320  
       INVx6_ASAP7_75t_L  320  
       INVx8_ASAP7_75t_L  320  
     INVxp33_ASAP7_75t_L  320  
     INVxp67_ASAP7_75t_L  320  
     MAJIxp5_ASAP7_75t_L  4000  
       MAJx2_ASAP7_75t_L  4000  
       MAJx3_ASAP7_75t_L  4000  
     NAND2x1_ASAP7_75t_L  4000  
    NAND2x1p5_ASAP7_75t_L  4000  
     NAND2x2_ASAP7_75t_L  4000  
    NAND2xp33_ASAP7_75t_L  4000  
    NAND2xp5_ASAP7_75t_L  4000  
    NAND2xp67_ASAP7_75t_L  4000  
     NAND3x1_ASAP7_75t_L  4000  
     NAND3x2_ASAP7_75t_L  4000  
    NAND3xp33_ASAP7_75t_L  4000  
    NAND4xp25_ASAP7_75t_L  4000  
    NAND4xp75_ASAP7_75t_L  4000  
    NAND5xp2_ASAP7_75t_L  4000  
      NOR2x1_ASAP7_75t_L  4000  
    NOR2x1p5_ASAP7_75t_L  4000  
      NOR2x2_ASAP7_75t_L  4000  
    NOR2xp33_ASAP7_75t_L  4000  
    NOR2xp67_ASAP7_75t_L  4000  
      NOR3x1_ASAP7_75t_L  4000  
      NOR3x2_ASAP7_75t_L  4000  
    NOR3xp33_ASAP7_75t_L  4000  
    NOR4xp25_ASAP7_75t_L  4000  
    NOR4xp75_ASAP7_75t_L  4000  
     NOR5xp2_ASAP7_75t_L  4000  
    O2A1O1Ixp33_ASAP7_75t_L  320  
    O2A1O1Ixp5_ASAP7_75t_L  320  
     OA211x2_ASAP7_75t_L  320  
      OA21x2_ASAP7_75t_L  320  
     OA221x2_ASAP7_75t_L  320  
     OA222x2_ASAP7_75t_L  320  
      OA22x2_ASAP7_75t_L  320  
      OA31x2_ASAP7_75t_L  320  
     OA331x1_ASAP7_75t_L  320  
     OA331x2_ASAP7_75t_L  320  
     OA332x1_ASAP7_75t_L  320  
     OA332x2_ASAP7_75t_L  320  
     OA333x1_ASAP7_75t_L  320  
     OA333x2_ASAP7_75t_L  320  
      OA33x2_ASAP7_75t_L  320  
    OAI211xp5_ASAP7_75t_L  320  
     OAI21x1_ASAP7_75t_L  320  
    OAI21xp33_ASAP7_75t_L  320  
    OAI21xp5_ASAP7_75t_L  320  
    OAI221xp5_ASAP7_75t_L  320  
    OAI222xp33_ASAP7_75t_L  320  
     OAI22x1_ASAP7_75t_L  320  
    OAI22xp33_ASAP7_75t_L  320  
    OAI22xp5_ASAP7_75t_L  320  
    OAI311xp33_ASAP7_75t_L  320  
    OAI31xp33_ASAP7_75t_L  320  
    OAI31xp67_ASAP7_75t_L  320  
    OAI321xp33_ASAP7_75t_L  320  
    OAI322xp33_ASAP7_75t_L  320  
    OAI32xp33_ASAP7_75t_L  320  
    OAI331xp33_ASAP7_75t_L  320  
    OAI332xp33_ASAP7_75t_L  320  
    OAI333xp33_ASAP7_75t_L  320  
    OAI33xp33_ASAP7_75t_L  320  
       OR2x2_ASAP7_75t_L  4000  
       OR2x4_ASAP7_75t_L  4000  
       OR2x6_ASAP7_75t_L  4000  
       OR3x1_ASAP7_75t_L  4000  
       OR3x2_ASAP7_75t_L  4000  
       OR3x4_ASAP7_75t_L  4000  
       OR4x1_ASAP7_75t_L  4000  
       OR4x2_ASAP7_75t_L  4000  
       OR5x1_ASAP7_75t_L  4000  
       OR5x2_ASAP7_75t_L  4000  
      SDFHx1_ASAP7_75t_L  320  
      SDFHx2_ASAP7_75t_L  320  
      SDFHx3_ASAP7_75t_L  320  
      SDFHx4_ASAP7_75t_L  320  
      SDFLx1_ASAP7_75t_L  320  
      SDFLx2_ASAP7_75t_L  320  
      SDFLx3_ASAP7_75t_L  320  
      SDFLx4_ASAP7_75t_L  320  
     TIEHIx1_ASAP7_75t_L  4000  
     TIELOx1_ASAP7_75t_L  4000  
     XNOR2x1_ASAP7_75t_L  4000  
     XNOR2x2_ASAP7_75t_L  4000  
    XNOR2xp5_ASAP7_75t_L  4000  
      XOR2x1_ASAP7_75t_L  4000  
      XOR2x2_ASAP7_75t_L  4000  
     XOR2xp5_ASAP7_75t_L  4000  
    A2O1A1Ixp33_ASAP7_75t_SL  320  
    A2O1A1O1Ixp25_ASAP7_75t_SL  320  
     AND2x2_ASAP7_75t_SL  4000  
     AND2x4_ASAP7_75t_SL  4000  
     AND2x6_ASAP7_75t_SL  4000  
     AND3x1_ASAP7_75t_SL  4000  
     AND3x2_ASAP7_75t_SL  4000  
     AND3x4_ASAP7_75t_SL  4000  
     AND4x1_ASAP7_75t_SL  4000  
     AND4x2_ASAP7_75t_SL  4000  
     AND5x1_ASAP7_75t_SL  4000  
     AND5x2_ASAP7_75t_SL  4000  
    AO211x2_ASAP7_75t_SL  320  
     AO21x1_ASAP7_75t_SL  320  
     AO21x2_ASAP7_75t_SL  320  
    AO221x1_ASAP7_75t_SL  320  
    AO221x2_ASAP7_75t_SL  320  
    AO222x2_ASAP7_75t_SL  320  
     AO22x1_ASAP7_75t_SL  320  
     AO22x2_ASAP7_75t_SL  320  
     AO31x2_ASAP7_75t_SL  320  
    AO322x2_ASAP7_75t_SL  320  
     AO32x1_ASAP7_75t_SL  320  
     AO32x2_ASAP7_75t_SL  320  
    AO331x1_ASAP7_75t_SL  320  
    AO331x2_ASAP7_75t_SL  320  
    AO332x1_ASAP7_75t_SL  320  
    AO332x2_ASAP7_75t_SL  320  
    AO333x1_ASAP7_75t_SL  320  
    AO333x2_ASAP7_75t_SL  320  
     AO33x2_ASAP7_75t_SL  320  
    AOI211x1_ASAP7_75t_SL  320  
    AOI211xp5_ASAP7_75t_SL  320  
    AOI21x1_ASAP7_75t_SL  320  
    AOI21xp33_ASAP7_75t_SL  320  
    AOI21xp5_ASAP7_75t_SL  320  
    AOI221x1_ASAP7_75t_SL  320  
    AOI221xp5_ASAP7_75t_SL  320  
    AOI222xp33_ASAP7_75t_SL  320  
    AOI22x1_ASAP7_75t_SL  320  
    AOI22xp33_ASAP7_75t_SL  320  
    AOI22xp5_ASAP7_75t_SL  320  
    AOI311xp33_ASAP7_75t_SL  320  
    AOI31xp33_ASAP7_75t_SL  320  
    AOI31xp67_ASAP7_75t_SL  320  
    AOI321xp33_ASAP7_75t_SL  320  
    AOI322xp5_ASAP7_75t_SL  320  
    AOI32xp33_ASAP7_75t_SL  320  
    AOI331xp33_ASAP7_75t_SL  320  
    AOI332xp33_ASAP7_75t_SL  320  
    AOI333xp33_ASAP7_75t_SL  320  
    AOI33xp33_ASAP7_75t_SL  320  
    ASYNC_DFFHx1_ASAP7_75t_SL  320  
     BUFx10_ASAP7_75t_SL  320  
     BUFx12_ASAP7_75t_SL  320  
    BUFx12f_ASAP7_75t_SL  320  
    BUFx16f_ASAP7_75t_SL  320  
     BUFx24_ASAP7_75t_SL  320  
      BUFx2_ASAP7_75t_SL  320  
      BUFx3_ASAP7_75t_SL  320  
      BUFx4_ASAP7_75t_SL  320  
     BUFx4f_ASAP7_75t_SL  320  
      BUFx5_ASAP7_75t_SL  320  
     BUFx6f_ASAP7_75t_SL  320  
      BUFx8_ASAP7_75t_SL  320  
    CKINVDCx10_ASAP7_75t_SL  320  
    CKINVDCx11_ASAP7_75t_SL  320  
    CKINVDCx12_ASAP7_75t_SL  320  
    CKINVDCx14_ASAP7_75t_SL  320  
    CKINVDCx16_ASAP7_75t_SL  320  
    CKINVDCx20_ASAP7_75t_SL  320  
    CKINVDCx5p33_ASAP7_75t_SL  320  
    CKINVDCx6p67_ASAP7_75t_SL  320  
    CKINVDCx8_ASAP7_75t_SL  320  
    CKINVDCx9p33_ASAP7_75t_SL  320  
    DFFHQNx1_ASAP7_75t_SL  320  
    DFFHQNx2_ASAP7_75t_SL  320  
    DFFHQNx3_ASAP7_75t_SL  320  
    DFFHQx4_ASAP7_75t_SL  320  
    DFFLQNx1_ASAP7_75t_SL  320  
    DFFLQNx2_ASAP7_75t_SL  320  
    DFFLQNx3_ASAP7_75t_SL  320  
    DFFLQx4_ASAP7_75t_SL  320  
      DHLx1_ASAP7_75t_SL  320  
      DHLx2_ASAP7_75t_SL  320  
      DHLx3_ASAP7_75t_SL  320  
      DLLx1_ASAP7_75t_SL  320  
      DLLx2_ASAP7_75t_SL  320  
      DLLx3_ASAP7_75t_SL  320  
       FAx1_ASAP7_75t_SL  4000  
      HAxp5_ASAP7_75t_SL  4000  
    HB1xp67_ASAP7_75t_SL  320  
    HB2xp67_ASAP7_75t_SL  320  
    HB3xp67_ASAP7_75t_SL  320  
    HB4xp67_ASAP7_75t_SL  320  
      ICGx1_ASAP7_75t_SL  320  
      ICGx2_ASAP7_75t_SL  320  
    ICGx2p67DC_ASAP7_75t_SL  320  
      ICGx3_ASAP7_75t_SL  320  
    ICGx4DC_ASAP7_75t_SL  320  
      ICGx4_ASAP7_75t_SL  320  
      ICGx5_ASAP7_75t_SL  320  
    ICGx5p33DC_ASAP7_75t_SL  320  
    ICGx6p67DC_ASAP7_75t_SL  320  
    ICGx8DC_ASAP7_75t_SL  320  
     INVx11_ASAP7_75t_SL  320  
     INVx13_ASAP7_75t_SL  320  
      INVx1_ASAP7_75t_SL  320  
      INVx2_ASAP7_75t_SL  320  
      INVx3_ASAP7_75t_SL  320  
      INVx4_ASAP7_75t_SL  320  
      INVx5_ASAP7_75t_SL  320  
      INVx6_ASAP7_75t_SL  320  
      INVx8_ASAP7_75t_SL  320  
    INVxp33_ASAP7_75t_SL  320  
    INVxp67_ASAP7_75t_SL  320  
    MAJIxp5_ASAP7_75t_SL  4000  
      MAJx2_ASAP7_75t_SL  4000  
      MAJx3_ASAP7_75t_SL  4000  
    NAND2x1_ASAP7_75t_SL  4000  
    NAND2x1p5_ASAP7_75t_SL  4000  
    NAND2x2_ASAP7_75t_SL  4000  
    NAND2xp33_ASAP7_75t_SL  4000  
    NAND2xp5_ASAP7_75t_SL  4000  
    NAND2xp67_ASAP7_75t_SL  4000  
    NAND3x1_ASAP7_75t_SL  4000  
    NAND3x2_ASAP7_75t_SL  4000  
    NAND3xp33_ASAP7_75t_SL  4000  
    NAND4xp25_ASAP7_75t_SL  4000  
    NAND4xp75_ASAP7_75t_SL  4000  
    NAND5xp2_ASAP7_75t_SL  4000  
     NOR2x1_ASAP7_75t_SL  4000  
    NOR2x1p5_ASAP7_75t_SL  4000  
     NOR2x2_ASAP7_75t_SL  4000  
    NOR2xp33_ASAP7_75t_SL  4000  
    NOR2xp67_ASAP7_75t_SL  4000  
     NOR3x1_ASAP7_75t_SL  4000  
     NOR3x2_ASAP7_75t_SL  4000  
    NOR3xp33_ASAP7_75t_SL  4000  
    NOR4xp25_ASAP7_75t_SL  4000  
    NOR4xp75_ASAP7_75t_SL  4000  
    NOR5xp2_ASAP7_75t_SL  4000  
    O2A1O1Ixp33_ASAP7_75t_SL  320  
    O2A1O1Ixp5_ASAP7_75t_SL  320  
    OA211x2_ASAP7_75t_SL  320  
     OA21x2_ASAP7_75t_SL  320  
    OA221x2_ASAP7_75t_SL  320  
    OA222x2_ASAP7_75t_SL  320  
     OA22x2_ASAP7_75t_SL  320  
     OA31x2_ASAP7_75t_SL  320  
    OA331x1_ASAP7_75t_SL  320  
    OA331x2_ASAP7_75t_SL  320  
    OA332x1_ASAP7_75t_SL  320  
    OA332x2_ASAP7_75t_SL  320  
    OA333x1_ASAP7_75t_SL  320  
    OA333x2_ASAP7_75t_SL  320  
     OA33x2_ASAP7_75t_SL  320  
    OAI211xp5_ASAP7_75t_SL  320  
    OAI21x1_ASAP7_75t_SL  320  
    OAI21xp33_ASAP7_75t_SL  320  
    OAI21xp5_ASAP7_75t_SL  320  
    OAI221xp5_ASAP7_75t_SL  320  
    OAI222xp33_ASAP7_75t_SL  320  
    OAI22x1_ASAP7_75t_SL  320  
    OAI22xp33_ASAP7_75t_SL  320  
    OAI22xp5_ASAP7_75t_SL  320  
    OAI311xp33_ASAP7_75t_SL  320  
    OAI31xp33_ASAP7_75t_SL  320  
    OAI31xp67_ASAP7_75t_SL  320  
    OAI321xp33_ASAP7_75t_SL  320  
    OAI322xp33_ASAP7_75t_SL  320  
    OAI32xp33_ASAP7_75t_SL  320  
    OAI331xp33_ASAP7_75t_SL  320  
    OAI332xp33_ASAP7_75t_SL  320  
    OAI333xp33_ASAP7_75t_SL  320  
    OAI33xp33_ASAP7_75t_SL  320  
      OR2x2_ASAP7_75t_SL  4000  
      OR2x4_ASAP7_75t_SL  4000  
      OR2x6_ASAP7_75t_SL  4000  
      OR3x1_ASAP7_75t_SL  4000  
      OR3x2_ASAP7_75t_SL  4000  
      OR3x4_ASAP7_75t_SL  4000  
      OR4x1_ASAP7_75t_SL  4000  
      OR4x2_ASAP7_75t_SL  4000  
      OR5x1_ASAP7_75t_SL  4000  
      OR5x2_ASAP7_75t_SL  4000  
     SDFHx1_ASAP7_75t_SL  320  
     SDFHx2_ASAP7_75t_SL  320  
     SDFHx3_ASAP7_75t_SL  320  
     SDFHx4_ASAP7_75t_SL  320  
     SDFLx1_ASAP7_75t_SL  320  
     SDFLx2_ASAP7_75t_SL  320  
     SDFLx3_ASAP7_75t_SL  320  
     SDFLx4_ASAP7_75t_SL  320  
    TIEHIx1_ASAP7_75t_SL  4000  
    TIELOx1_ASAP7_75t_SL  4000  
    XNOR2x1_ASAP7_75t_SL  4000  
    XNOR2x2_ASAP7_75t_SL  4000  
    XNOR2xp5_ASAP7_75t_SL  4000  
     XOR2x1_ASAP7_75t_SL  4000  
     XOR2x2_ASAP7_75t_SL  4000  
    XOR2xp5_ASAP7_75t_SL  4000  
    A2O1A1Ixp33_ASAP7_75t_SRAM  320  
    A2O1A1O1Ixp25_ASAP7_75t_SRAM  320  
    AND2x2_ASAP7_75t_SRAM  4000  
    AND2x4_ASAP7_75t_SRAM  4000  
    AND2x6_ASAP7_75t_SRAM  4000  
    AND3x1_ASAP7_75t_SRAM  4000  
    AND3x2_ASAP7_75t_SRAM  4000  
    AND3x4_ASAP7_75t_SRAM  4000  
    AND4x1_ASAP7_75t_SRAM  4000  
    AND4x2_ASAP7_75t_SRAM  4000  
    AND5x1_ASAP7_75t_SRAM  4000  
    AND5x2_ASAP7_75t_SRAM  4000  
    AO211x2_ASAP7_75t_SRAM  320  
    AO21x1_ASAP7_75t_SRAM  320  
    AO21x2_ASAP7_75t_SRAM  320  
    AO221x1_ASAP7_75t_SRAM  320  
    AO221x2_ASAP7_75t_SRAM  320  
    AO222x2_ASAP7_75t_SRAM  320  
    AO22x1_ASAP7_75t_SRAM  320  
    AO22x2_ASAP7_75t_SRAM  320  
    AO31x2_ASAP7_75t_SRAM  320  
    AO322x2_ASAP7_75t_SRAM  320  
    AO32x1_ASAP7_75t_SRAM  320  
    AO32x2_ASAP7_75t_SRAM  320  
    AO331x1_ASAP7_75t_SRAM  320  
    AO331x2_ASAP7_75t_SRAM  320  
    AO332x1_ASAP7_75t_SRAM  320  
    AO332x2_ASAP7_75t_SRAM  320  
    AO333x1_ASAP7_75t_SRAM  320  
    AO333x2_ASAP7_75t_SRAM  320  
    AO33x2_ASAP7_75t_SRAM  320  
    AOI211x1_ASAP7_75t_SRAM  320  
    AOI211xp5_ASAP7_75t_SRAM  320  
    AOI21x1_ASAP7_75t_SRAM  320  
    AOI21xp33_ASAP7_75t_SRAM  320  
    AOI21xp5_ASAP7_75t_SRAM  320  
    AOI221x1_ASAP7_75t_SRAM  320  
    AOI221xp5_ASAP7_75t_SRAM  320  
    AOI222xp33_ASAP7_75t_SRAM  320  
    AOI22x1_ASAP7_75t_SRAM  320  
    AOI22xp33_ASAP7_75t_SRAM  320  
    AOI22xp5_ASAP7_75t_SRAM  320  
    AOI311xp33_ASAP7_75t_SRAM  320  
    AOI31xp33_ASAP7_75t_SRAM  320  
    AOI31xp67_ASAP7_75t_SRAM  320  
    AOI321xp33_ASAP7_75t_SRAM  320  
    AOI322xp5_ASAP7_75t_SRAM  320  
    AOI32xp33_ASAP7_75t_SRAM  320  
    AOI331xp33_ASAP7_75t_SRAM  320  
    AOI332xp33_ASAP7_75t_SRAM  320  
    AOI333xp33_ASAP7_75t_SRAM  320  
    AOI33xp33_ASAP7_75t_SRAM  320  
    ASYNC_DFFHx1_ASAP7_75t_SRAM  320  
    BUFx10_ASAP7_75t_SRAM  320  
    BUFx12_ASAP7_75t_SRAM  320  
    BUFx12f_ASAP7_75t_SRAM  320  
    BUFx16f_ASAP7_75t_SRAM  320  
    BUFx24_ASAP7_75t_SRAM  320  
    BUFx2_ASAP7_75t_SRAM  320  
    BUFx3_ASAP7_75t_SRAM  320  
    BUFx4_ASAP7_75t_SRAM  320  
    BUFx4f_ASAP7_75t_SRAM  320  
    BUFx5_ASAP7_75t_SRAM  320  
    BUFx6f_ASAP7_75t_SRAM  320  
    BUFx8_ASAP7_75t_SRAM  320  
    CKINVDCx10_ASAP7_75t_SRAM  320  
    CKINVDCx11_ASAP7_75t_SRAM  320  
    CKINVDCx12_ASAP7_75t_SRAM  320  
    CKINVDCx14_ASAP7_75t_SRAM  320  
    CKINVDCx16_ASAP7_75t_SRAM  320  
    CKINVDCx20_ASAP7_75t_SRAM  320  
    CKINVDCx5p33_ASAP7_75t_SRAM  320  
    CKINVDCx6p67_ASAP7_75t_SRAM  320  
    CKINVDCx8_ASAP7_75t_SRAM  320  
    CKINVDCx9p33_ASAP7_75t_SRAM  320  
    DFFHQNx1_ASAP7_75t_SRAM  320  
    DFFHQNx2_ASAP7_75t_SRAM  320  
    DFFHQNx3_ASAP7_75t_SRAM  320  
    DFFHQx4_ASAP7_75t_SRAM  320  
    DFFLQNx1_ASAP7_75t_SRAM  320  
    DFFLQNx2_ASAP7_75t_SRAM  320  
    DFFLQNx3_ASAP7_75t_SRAM  320  
    DFFLQx4_ASAP7_75t_SRAM  320  
    DHLx1_ASAP7_75t_SRAM  320  
    DHLx2_ASAP7_75t_SRAM  320  
    DHLx3_ASAP7_75t_SRAM  320  
    DLLx1_ASAP7_75t_SRAM  320  
    DLLx2_ASAP7_75t_SRAM  320  
    DLLx3_ASAP7_75t_SRAM  320  
     FAx1_ASAP7_75t_SRAM  4000  
    HAxp5_ASAP7_75t_SRAM  4000  
    HB1xp67_ASAP7_75t_SRAM  320  
    HB2xp67_ASAP7_75t_SRAM  320  
    HB3xp67_ASAP7_75t_SRAM  320  
    HB4xp67_ASAP7_75t_SRAM  320  
    ICGx1_ASAP7_75t_SRAM  320  
    ICGx2_ASAP7_75t_SRAM  320  
    ICGx2p67DC_ASAP7_75t_SRAM  320  
    ICGx3_ASAP7_75t_SRAM  320  
    ICGx4DC_ASAP7_75t_SRAM  320  
    ICGx4_ASAP7_75t_SRAM  320  
    ICGx5_ASAP7_75t_SRAM  320  
    ICGx5p33DC_ASAP7_75t_SRAM  320  
    ICGx6p67DC_ASAP7_75t_SRAM  320  
    ICGx8DC_ASAP7_75t_SRAM  320  
    INVx11_ASAP7_75t_SRAM  320  
    INVx13_ASAP7_75t_SRAM  320  
    INVx1_ASAP7_75t_SRAM  320  
    INVx2_ASAP7_75t_SRAM  320  
    INVx3_ASAP7_75t_SRAM  320  
    INVx4_ASAP7_75t_SRAM  320  
    INVx5_ASAP7_75t_SRAM  320  
    INVx6_ASAP7_75t_SRAM  320  
    INVx8_ASAP7_75t_SRAM  320  
    INVxp33_ASAP7_75t_SRAM  320  
    INVxp67_ASAP7_75t_SRAM  320  
    MAJIxp5_ASAP7_75t_SRAM  4000  
    MAJx2_ASAP7_75t_SRAM  4000  
    MAJx3_ASAP7_75t_SRAM  4000  
    NAND2x1_ASAP7_75t_SRAM  4000  
    NAND2x1p5_ASAP7_75t_SRAM  4000  
    NAND2x2_ASAP7_75t_SRAM  4000  
    NAND2xp33_ASAP7_75t_SRAM  4000  
    NAND2xp5_ASAP7_75t_SRAM  4000  
    NAND2xp67_ASAP7_75t_SRAM  4000  
    NAND3x1_ASAP7_75t_SRAM  4000  
    NAND3x2_ASAP7_75t_SRAM  4000  
    NAND3xp33_ASAP7_75t_SRAM  4000  
    NAND4xp25_ASAP7_75t_SRAM  4000  
    NAND4xp75_ASAP7_75t_SRAM  4000  
    NAND5xp2_ASAP7_75t_SRAM  4000  
    NOR2x1_ASAP7_75t_SRAM  4000  
    NOR2x1p5_ASAP7_75t_SRAM  4000  
    NOR2x2_ASAP7_75t_SRAM  4000  
    NOR2xp33_ASAP7_75t_SRAM  4000  
    NOR2xp67_ASAP7_75t_SRAM  4000  
    NOR3x1_ASAP7_75t_SRAM  4000  
    NOR3x2_ASAP7_75t_SRAM  4000  
    NOR3xp33_ASAP7_75t_SRAM  4000  
    NOR4xp25_ASAP7_75t_SRAM  4000  
    NOR4xp75_ASAP7_75t_SRAM  4000  
    NOR5xp2_ASAP7_75t_SRAM  4000  
    O2A1O1Ixp33_ASAP7_75t_SRAM  320  
    O2A1O1Ixp5_ASAP7_75t_SRAM  320  
    OA211x2_ASAP7_75t_SRAM  320  
    OA21x2_ASAP7_75t_SRAM  320  
    OA221x2_ASAP7_75t_SRAM  320  
    OA222x2_ASAP7_75t_SRAM  320  
    OA22x2_ASAP7_75t_SRAM  320  
    OA31x2_ASAP7_75t_SRAM  320  
    OA331x1_ASAP7_75t_SRAM  320  
    OA331x2_ASAP7_75t_SRAM  320  
    OA332x1_ASAP7_75t_SRAM  320  
    OA332x2_ASAP7_75t_SRAM  320  
    OA333x1_ASAP7_75t_SRAM  320  
    OA333x2_ASAP7_75t_SRAM  320  
    OA33x2_ASAP7_75t_SRAM  320  
    OAI211xp5_ASAP7_75t_SRAM  320  
    OAI21x1_ASAP7_75t_SRAM  320  
    OAI21xp33_ASAP7_75t_SRAM  320  
    OAI21xp5_ASAP7_75t_SRAM  320  
    OAI221xp5_ASAP7_75t_SRAM  320  
    OAI222xp33_ASAP7_75t_SRAM  320  
    OAI22x1_ASAP7_75t_SRAM  320  
    OAI22xp33_ASAP7_75t_SRAM  320  
    OAI22xp5_ASAP7_75t_SRAM  320  
    OAI311xp33_ASAP7_75t_SRAM  320  
    OAI31xp33_ASAP7_75t_SRAM  320  
    OAI31xp67_ASAP7_75t_SRAM  320  
    OAI321xp33_ASAP7_75t_SRAM  320  
    OAI322xp33_ASAP7_75t_SRAM  320  
    OAI32xp33_ASAP7_75t_SRAM  320  
    OAI331xp33_ASAP7_75t_SRAM  320  
    OAI332xp33_ASAP7_75t_SRAM  320  
    OAI333xp33_ASAP7_75t_SRAM  320  
    OAI33xp33_ASAP7_75t_SRAM  320  
    OR2x2_ASAP7_75t_SRAM  4000  
    OR2x4_ASAP7_75t_SRAM  4000  
    OR2x6_ASAP7_75t_SRAM  4000  
    OR3x1_ASAP7_75t_SRAM  4000  
    OR3x2_ASAP7_75t_SRAM  4000  
    OR3x4_ASAP7_75t_SRAM  4000  
    OR4x1_ASAP7_75t_SRAM  4000  
    OR4x2_ASAP7_75t_SRAM  4000  
    OR5x1_ASAP7_75t_SRAM  4000  
    OR5x2_ASAP7_75t_SRAM  4000  
    SDFHx1_ASAP7_75t_SRAM  320  
    SDFHx2_ASAP7_75t_SRAM  320  
    SDFHx3_ASAP7_75t_SRAM  320  
    SDFHx4_ASAP7_75t_SRAM  320  
    SDFLx1_ASAP7_75t_SRAM  320  
    SDFLx2_ASAP7_75t_SRAM  320  
    SDFLx3_ASAP7_75t_SRAM  320  
    SDFLx4_ASAP7_75t_SRAM  320  
    TIEHIx1_ASAP7_75t_SRAM  4000  
    TIELOx1_ASAP7_75t_SRAM  4000  
    XNOR2x1_ASAP7_75t_SRAM  4000  
    XNOR2x2_ASAP7_75t_SRAM  4000  
    XNOR2xp5_ASAP7_75t_SRAM  4000  
    XOR2x1_ASAP7_75t_SRAM  4000  
    XOR2x2_ASAP7_75t_SRAM  4000  
    XOR2xp5_ASAP7_75t_SRAM  4000  808  
# Cells in .lib with max_cap: 
    ------------------------------
    Cell List with max_cap
    ------------------------------
               Cell Name  Max Capacitance (pf)  
    A2O1A1Ixp33_ASAP7_75t_R  0.023040  
    A2O1A1O1Ixp25_ASAP7_75t_R  0.023040  
      AND2x2_ASAP7_75t_R  0.092160  
      AND2x4_ASAP7_75t_R  0.184320  
      AND2x6_ASAP7_75t_R  0.368640  
      AND3x1_ASAP7_75t_R  0.046080  
      AND3x2_ASAP7_75t_R  0.092160  
      AND3x4_ASAP7_75t_R  0.184320  
      AND4x1_ASAP7_75t_R  0.046080  
      AND4x2_ASAP7_75t_R  0.092160  
      AND5x1_ASAP7_75t_R  0.368640  
      AND5x2_ASAP7_75t_R  0.368640  
     AO211x2_ASAP7_75t_R  0.092160  
      AO21x1_ASAP7_75t_R  0.046080  
      AO21x2_ASAP7_75t_R  0.092160  
     AO221x1_ASAP7_75t_R  0.046080  
     AO221x2_ASAP7_75t_R  0.092160  
     AO222x2_ASAP7_75t_R  0.092160  
      AO22x1_ASAP7_75t_R  0.046080  
      AO22x2_ASAP7_75t_R  0.092160  
      AO31x2_ASAP7_75t_R  0.092160  
     AO322x2_ASAP7_75t_R  0.092160  
      AO32x1_ASAP7_75t_R  0.046080  
      AO32x2_ASAP7_75t_R  0.092160  
     AO331x1_ASAP7_75t_R  0.046080  
     AO331x2_ASAP7_75t_R  0.092160  
     AO332x1_ASAP7_75t_R  0.046080  
     AO332x2_ASAP7_75t_R  0.092160  
     AO333x1_ASAP7_75t_R  0.046080  
     AO333x2_ASAP7_75t_R  0.092160  
      AO33x2_ASAP7_75t_R  0.092160  
    AOI211x1_ASAP7_75t_R  0.046080  
    AOI211xp5_ASAP7_75t_R  0.023040  
     AOI21x1_ASAP7_75t_R  0.023040  
    AOI21xp33_ASAP7_75t_R  0.023040  
    AOI21xp5_ASAP7_75t_R  0.023040  
    AOI221x1_ASAP7_75t_R  0.046080  
    AOI221xp5_ASAP7_75t_R  0.023040  
    AOI222xp33_ASAP7_75t_R  0.023040  
     AOI22x1_ASAP7_75t_R  0.046080  
    AOI22xp33_ASAP7_75t_R  0.023040  
    AOI22xp5_ASAP7_75t_R  0.023040  
    AOI311xp33_ASAP7_75t_R  0.023040  
    AOI31xp33_ASAP7_75t_R  0.023040  
    AOI31xp67_ASAP7_75t_R  0.023040  
    AOI321xp33_ASAP7_75t_R  0.023040  
    AOI322xp5_ASAP7_75t_R  0.023040  
    AOI32xp33_ASAP7_75t_R  0.023040  
    AOI331xp33_ASAP7_75t_R  0.023040  
    AOI332xp33_ASAP7_75t_R  0.023040  
    AOI333xp33_ASAP7_75t_R  0.023040  
    AOI33xp33_ASAP7_75t_R  0.023040  
    ASYNC_DFFHx1_ASAP7_75t_R  0.046080  
      BUFx10_ASAP7_75t_R  0.368640  
      BUFx12_ASAP7_75t_R  0.368640  
     BUFx12f_ASAP7_75t_R  0.368640  
     BUFx16f_ASAP7_75t_R  0.737280  
      BUFx24_ASAP7_75t_R  1.474560  
       BUFx2_ASAP7_75t_R  0.092160  
       BUFx3_ASAP7_75t_R  0.092160  
       BUFx4_ASAP7_75t_R  0.184320  
      BUFx4f_ASAP7_75t_R  0.184320  
       BUFx5_ASAP7_75t_R  0.184320  
      BUFx6f_ASAP7_75t_R  0.184320  
       BUFx8_ASAP7_75t_R  0.368640  
    CKINVDCx10_ASAP7_75t_R  0.737280  
    CKINVDCx11_ASAP7_75t_R  0.737280  
    CKINVDCx12_ASAP7_75t_R  0.737280  
    CKINVDCx14_ASAP7_75t_R  0.737280  
    CKINVDCx16_ASAP7_75t_R  0.737280  
    CKINVDCx20_ASAP7_75t_R  0.737280  
    CKINVDCx5p33_ASAP7_75t_R  0.184320  
    CKINVDCx6p67_ASAP7_75t_R  0.368640  
    CKINVDCx8_ASAP7_75t_R  0.368640  
    CKINVDCx9p33_ASAP7_75t_R  0.368640  
    DFFHQNx1_ASAP7_75t_R  0.046080  
    DFFHQNx2_ASAP7_75t_R  0.092160  
    DFFHQNx3_ASAP7_75t_R  0.092160  
     DFFHQx4_ASAP7_75t_R  0.092160  
    DFFLQNx1_ASAP7_75t_R  0.046080  
    DFFLQNx2_ASAP7_75t_R  0.092160  
    DFFLQNx3_ASAP7_75t_R  0.092160  
     DFFLQx4_ASAP7_75t_R  0.184320  
       DHLx1_ASAP7_75t_R  0.046080  
       DHLx2_ASAP7_75t_R  0.092160  
       DHLx3_ASAP7_75t_R  0.092160  
       DLLx1_ASAP7_75t_R  0.046080  
       DLLx2_ASAP7_75t_R  0.092160  
       DLLx3_ASAP7_75t_R  0.092160  
        FAx1_ASAP7_75t_R  0.046080  
       HAxp5_ASAP7_75t_R  0.023040  
     HB1xp67_ASAP7_75t_R  0.023040  
     HB2xp67_ASAP7_75t_R  0.023040  
     HB3xp67_ASAP7_75t_R  0.023040  
     HB4xp67_ASAP7_75t_R  0.023040  
       ICGx1_ASAP7_75t_R  0.046080  
       ICGx2_ASAP7_75t_R  0.092160  
    ICGx2p67DC_ASAP7_75t_R  0.092160  
       ICGx3_ASAP7_75t_R  0.092160  
     ICGx4DC_ASAP7_75t_R  0.092160  
       ICGx4_ASAP7_75t_R  0.092160  
       ICGx5_ASAP7_75t_R  0.092160  
    ICGx5p33DC_ASAP7_75t_R  0.092160  
    ICGx6p67DC_ASAP7_75t_R  0.092160  
     ICGx8DC_ASAP7_75t_R  0.092160  
      INVx11_ASAP7_75t_R  0.368640  
      INVx13_ASAP7_75t_R  0.737280  
       INVx1_ASAP7_75t_R  0.046080  
       INVx2_ASAP7_75t_R  0.092160  
       INVx3_ASAP7_75t_R  0.092160  
       INVx4_ASAP7_75t_R  0.184320  
       INVx5_ASAP7_75t_R  0.184320  
       INVx6_ASAP7_75t_R  0.368640  
       INVx8_ASAP7_75t_R  0.368640  
     INVxp33_ASAP7_75t_R  0.023040  
     INVxp67_ASAP7_75t_R  0.023040  
     MAJIxp5_ASAP7_75t_R  0.023040  
       MAJx2_ASAP7_75t_R  0.092160  
       MAJx3_ASAP7_75t_R  0.092160  
     NAND2x1_ASAP7_75t_R  0.046080  
    NAND2x1p5_ASAP7_75t_R  0.023040  
     NAND2x2_ASAP7_75t_R  0.092160  
    NAND2xp33_ASAP7_75t_R  0.023040  
    NAND2xp5_ASAP7_75t_R  0.023040  
    NAND2xp67_ASAP7_75t_R  0.046080  
     NAND3x1_ASAP7_75t_R  0.046080  
     NAND3x2_ASAP7_75t_R  0.092160  
    NAND3xp33_ASAP7_75t_R  0.023040  
    NAND4xp25_ASAP7_75t_R  0.023040  
    NAND4xp75_ASAP7_75t_R  0.046080  
    NAND5xp2_ASAP7_75t_R  0.092160  
      NOR2x1_ASAP7_75t_R  0.046080  
    NOR2x1p5_ASAP7_75t_R  0.092160  
      NOR2x2_ASAP7_75t_R  0.092160  
    NOR2xp33_ASAP7_75t_R  0.023040  
    NOR2xp67_ASAP7_75t_R  0.046080  
      NOR3x1_ASAP7_75t_R  0.046080  
      NOR3x2_ASAP7_75t_R  0.092160  
    NOR3xp33_ASAP7_75t_R  0.023040  
    NOR4xp25_ASAP7_75t_R  0.023040  
    NOR4xp75_ASAP7_75t_R  0.046080  
     NOR5xp2_ASAP7_75t_R  0.023040  
    O2A1O1Ixp33_ASAP7_75t_R  0.023040  
    O2A1O1Ixp5_ASAP7_75t_R  0.023040  
     OA211x2_ASAP7_75t_R  0.092160  
      OA21x2_ASAP7_75t_R  0.092160  
     OA221x2_ASAP7_75t_R  0.092160  
     OA222x2_ASAP7_75t_R  0.092160  
      OA22x2_ASAP7_75t_R  0.092160  
      OA31x2_ASAP7_75t_R  0.092160  
     OA331x1_ASAP7_75t_R  0.046080  
     OA331x2_ASAP7_75t_R  0.092160  
     OA332x1_ASAP7_75t_R  0.046080  
     OA332x2_ASAP7_75t_R  0.092160  
     OA333x1_ASAP7_75t_R  0.046080  
     OA333x2_ASAP7_75t_R  0.092160  
      OA33x2_ASAP7_75t_R  0.092160  
    OAI211xp5_ASAP7_75t_R  0.023040  
     OAI21x1_ASAP7_75t_R  0.046080  
    OAI21xp33_ASAP7_75t_R  0.023040  
    OAI21xp5_ASAP7_75t_R  0.023040  
    OAI221xp5_ASAP7_75t_R  0.023040  
    OAI222xp33_ASAP7_75t_R  0.023040  
     OAI22x1_ASAP7_75t_R  0.046080  
    OAI22xp33_ASAP7_75t_R  0.023040  
    OAI22xp5_ASAP7_75t_R  0.023040  
    OAI311xp33_ASAP7_75t_R  0.023040  
    OAI31xp33_ASAP7_75t_R  0.023040  
    OAI31xp67_ASAP7_75t_R  0.023040  
    OAI321xp33_ASAP7_75t_R  0.023040  
    OAI322xp33_ASAP7_75t_R  0.023040  
    OAI32xp33_ASAP7_75t_R  0.023040  
    OAI331xp33_ASAP7_75t_R  0.023040  
    OAI332xp33_ASAP7_75t_R  0.023040  
    OAI333xp33_ASAP7_75t_R  0.023040  
    OAI33xp33_ASAP7_75t_R  0.023040  
       OR2x2_ASAP7_75t_R  0.092160  
       OR2x4_ASAP7_75t_R  0.184320  
       OR2x6_ASAP7_75t_R  0.184320  
       OR3x1_ASAP7_75t_R  0.046080  
       OR3x2_ASAP7_75t_R  0.092160  
       OR3x4_ASAP7_75t_R  0.184320  
       OR4x1_ASAP7_75t_R  0.046080  
       OR4x2_ASAP7_75t_R  0.092160  
       OR5x1_ASAP7_75t_R  0.046080  
       OR5x2_ASAP7_75t_R  0.092160  
      SDFHx1_ASAP7_75t_R  0.046080  
      SDFHx2_ASAP7_75t_R  0.092160  
      SDFHx3_ASAP7_75t_R  0.092160  
      SDFHx4_ASAP7_75t_R  0.184320  
      SDFLx1_ASAP7_75t_R  0.046080  
      SDFLx2_ASAP7_75t_R  0.092160  
      SDFLx3_ASAP7_75t_R  0.092160  
      SDFLx4_ASAP7_75t_R  0.184320  
     XNOR2x1_ASAP7_75t_R  0.046080  
     XNOR2x2_ASAP7_75t_R  0.092160  
    XNOR2xp5_ASAP7_75t_R  0.023040  
      XOR2x1_ASAP7_75t_R  0.046080  
      XOR2x2_ASAP7_75t_R  0.092160  
     XOR2xp5_ASAP7_75t_R  0.023040  
    A2O1A1Ixp33_ASAP7_75t_L  0.023040  
    A2O1A1O1Ixp25_ASAP7_75t_L  0.023040  
      AND2x2_ASAP7_75t_L  0.092160  
      AND2x4_ASAP7_75t_L  0.184320  
      AND2x6_ASAP7_75t_L  0.368640  
      AND3x1_ASAP7_75t_L  0.046080  
      AND3x2_ASAP7_75t_L  0.092160  
      AND3x4_ASAP7_75t_L  0.184320  
      AND4x1_ASAP7_75t_L  0.046080  
      AND4x2_ASAP7_75t_L  0.092160  
      AND5x1_ASAP7_75t_L  0.368640  
      AND5x2_ASAP7_75t_L  0.368640  
     AO211x2_ASAP7_75t_L  0.092160  
      AO21x1_ASAP7_75t_L  0.046080  
      AO21x2_ASAP7_75t_L  0.092160  
     AO221x1_ASAP7_75t_L  0.046080  
     AO221x2_ASAP7_75t_L  0.092160  
     AO222x2_ASAP7_75t_L  0.092160  
      AO22x1_ASAP7_75t_L  0.046080  
      AO22x2_ASAP7_75t_L  0.092160  
      AO31x2_ASAP7_75t_L  0.092160  
     AO322x2_ASAP7_75t_L  0.092160  
      AO32x1_ASAP7_75t_L  0.046080  
      AO32x2_ASAP7_75t_L  0.092160  
     AO331x1_ASAP7_75t_L  0.046080  
     AO331x2_ASAP7_75t_L  0.092160  
     AO332x1_ASAP7_75t_L  0.046080  
     AO332x2_ASAP7_75t_L  0.092160  
     AO333x1_ASAP7_75t_L  0.046080  
     AO333x2_ASAP7_75t_L  0.092160  
      AO33x2_ASAP7_75t_L  0.092160  
    AOI211x1_ASAP7_75t_L  0.046080  
    AOI211xp5_ASAP7_75t_L  0.023040  
     AOI21x1_ASAP7_75t_L  0.023040  
    AOI21xp33_ASAP7_75t_L  0.023040  
    AOI21xp5_ASAP7_75t_L  0.023040  
    AOI221x1_ASAP7_75t_L  0.046080  
    AOI221xp5_ASAP7_75t_L  0.023040  
    AOI222xp33_ASAP7_75t_L  0.023040  
     AOI22x1_ASAP7_75t_L  0.046080  
    AOI22xp33_ASAP7_75t_L  0.023040  
    AOI22xp5_ASAP7_75t_L  0.023040  
    AOI311xp33_ASAP7_75t_L  0.023040  
    AOI31xp33_ASAP7_75t_L  0.023040  
    AOI31xp67_ASAP7_75t_L  0.023040  
    AOI321xp33_ASAP7_75t_L  0.023040  
    AOI322xp5_ASAP7_75t_L  0.023040  
    AOI32xp33_ASAP7_75t_L  0.023040  
    AOI331xp33_ASAP7_75t_L  0.023040  
    AOI332xp33_ASAP7_75t_L  0.023040  
    AOI333xp33_ASAP7_75t_L  0.023040  
    AOI33xp33_ASAP7_75t_L  0.023040  
    ASYNC_DFFHx1_ASAP7_75t_L  0.046080  
      BUFx10_ASAP7_75t_L  0.368640  
      BUFx12_ASAP7_75t_L  0.368640  
     BUFx12f_ASAP7_75t_L  0.368640  
     BUFx16f_ASAP7_75t_L  0.737280  
      BUFx24_ASAP7_75t_L  1.474560  
       BUFx2_ASAP7_75t_L  0.092160  
       BUFx3_ASAP7_75t_L  0.092160  
       BUFx4_ASAP7_75t_L  0.184320  
      BUFx4f_ASAP7_75t_L  0.184320  
       BUFx5_ASAP7_75t_L  0.184320  
      BUFx6f_ASAP7_75t_L  0.184320  
       BUFx8_ASAP7_75t_L  0.368640  
    CKINVDCx10_ASAP7_75t_L  0.737280  
    CKINVDCx11_ASAP7_75t_L  0.737280  
    CKINVDCx12_ASAP7_75t_L  0.737280  
    CKINVDCx14_ASAP7_75t_L  0.737280  
    CKINVDCx16_ASAP7_75t_L  0.737280  
    CKINVDCx20_ASAP7_75t_L  0.737280  
    CKINVDCx5p33_ASAP7_75t_L  0.184320  
    CKINVDCx6p67_ASAP7_75t_L  0.368640  
    CKINVDCx8_ASAP7_75t_L  0.368640  
    CKINVDCx9p33_ASAP7_75t_L  0.368640  
    DFFHQNx1_ASAP7_75t_L  0.046080  
    DFFHQNx2_ASAP7_75t_L  0.092160  
    DFFHQNx3_ASAP7_75t_L  0.092160  
     DFFHQx4_ASAP7_75t_L  0.092160  
    DFFLQNx1_ASAP7_75t_L  0.046080  
    DFFLQNx2_ASAP7_75t_L  0.092160  
    DFFLQNx3_ASAP7_75t_L  0.092160  
     DFFLQx4_ASAP7_75t_L  0.184320  
       DHLx1_ASAP7_75t_L  0.046080  
       DHLx2_ASAP7_75t_L  0.092160  
       DHLx3_ASAP7_75t_L  0.092160  
       DLLx1_ASAP7_75t_L  0.046080  
       DLLx2_ASAP7_75t_L  0.092160  
       DLLx3_ASAP7_75t_L  0.092160  
        FAx1_ASAP7_75t_L  0.046080  
       HAxp5_ASAP7_75t_L  0.023040  
     HB1xp67_ASAP7_75t_L  0.023040  
     HB2xp67_ASAP7_75t_L  0.023040  
     HB3xp67_ASAP7_75t_L  0.023040  
     HB4xp67_ASAP7_75t_L  0.023040  
       ICGx1_ASAP7_75t_L  0.046080  
       ICGx2_ASAP7_75t_L  0.092160  
    ICGx2p67DC_ASAP7_75t_L  0.092160  
       ICGx3_ASAP7_75t_L  0.092160  
     ICGx4DC_ASAP7_75t_L  0.092160  
       ICGx4_ASAP7_75t_L  0.092160  
       ICGx5_ASAP7_75t_L  0.092160  
    ICGx5p33DC_ASAP7_75t_L  0.092160  
    ICGx6p67DC_ASAP7_75t_L  0.092160  
     ICGx8DC_ASAP7_75t_L  0.092160  
      INVx11_ASAP7_75t_L  0.368640  
      INVx13_ASAP7_75t_L  0.737280  
       INVx1_ASAP7_75t_L  0.046080  
       INVx2_ASAP7_75t_L  0.092160  
       INVx3_ASAP7_75t_L  0.092160  
       INVx4_ASAP7_75t_L  0.184320  
       INVx5_ASAP7_75t_L  0.184320  
       INVx6_ASAP7_75t_L  0.368640  
       INVx8_ASAP7_75t_L  0.368640  
     INVxp33_ASAP7_75t_L  0.023040  
     INVxp67_ASAP7_75t_L  0.023040  
     MAJIxp5_ASAP7_75t_L  0.023040  
       MAJx2_ASAP7_75t_L  0.092160  
       MAJx3_ASAP7_75t_L  0.092160  
     NAND2x1_ASAP7_75t_L  0.046080  
    NAND2x1p5_ASAP7_75t_L  0.023040  
     NAND2x2_ASAP7_75t_L  0.092160  
    NAND2xp33_ASAP7_75t_L  0.023040  
    NAND2xp5_ASAP7_75t_L  0.023040  
    NAND2xp67_ASAP7_75t_L  0.046080  
     NAND3x1_ASAP7_75t_L  0.046080  
     NAND3x2_ASAP7_75t_L  0.092160  
    NAND3xp33_ASAP7_75t_L  0.023040  
    NAND4xp25_ASAP7_75t_L  0.023040  
    NAND4xp75_ASAP7_75t_L  0.046080  
    NAND5xp2_ASAP7_75t_L  0.092160  
      NOR2x1_ASAP7_75t_L  0.046080  
    NOR2x1p5_ASAP7_75t_L  0.092160  
      NOR2x2_ASAP7_75t_L  0.092160  
    NOR2xp33_ASAP7_75t_L  0.023040  
    NOR2xp67_ASAP7_75t_L  0.046080  
      NOR3x1_ASAP7_75t_L  0.046080  
      NOR3x2_ASAP7_75t_L  0.092160  
    NOR3xp33_ASAP7_75t_L  0.023040  
    NOR4xp25_ASAP7_75t_L  0.023040  
    NOR4xp75_ASAP7_75t_L  0.046080  
     NOR5xp2_ASAP7_75t_L  0.023040  
    O2A1O1Ixp33_ASAP7_75t_L  0.023040  
    O2A1O1Ixp5_ASAP7_75t_L  0.023040  
     OA211x2_ASAP7_75t_L  0.092160  
      OA21x2_ASAP7_75t_L  0.092160  
     OA221x2_ASAP7_75t_L  0.092160  
     OA222x2_ASAP7_75t_L  0.092160  
      OA22x2_ASAP7_75t_L  0.092160  
      OA31x2_ASAP7_75t_L  0.092160  
     OA331x1_ASAP7_75t_L  0.046080  
     OA331x2_ASAP7_75t_L  0.092160  
     OA332x1_ASAP7_75t_L  0.046080  
     OA332x2_ASAP7_75t_L  0.092160  
     OA333x1_ASAP7_75t_L  0.046080  
     OA333x2_ASAP7_75t_L  0.092160  
      OA33x2_ASAP7_75t_L  0.092160  
    OAI211xp5_ASAP7_75t_L  0.023040  
     OAI21x1_ASAP7_75t_L  0.046080  
    OAI21xp33_ASAP7_75t_L  0.023040  
    OAI21xp5_ASAP7_75t_L  0.023040  
    OAI221xp5_ASAP7_75t_L  0.023040  
    OAI222xp33_ASAP7_75t_L  0.023040  
     OAI22x1_ASAP7_75t_L  0.046080  
    OAI22xp33_ASAP7_75t_L  0.023040  
    OAI22xp5_ASAP7_75t_L  0.023040  
    OAI311xp33_ASAP7_75t_L  0.023040  
    OAI31xp33_ASAP7_75t_L  0.023040  
    OAI31xp67_ASAP7_75t_L  0.023040  
    OAI321xp33_ASAP7_75t_L  0.023040  
    OAI322xp33_ASAP7_75t_L  0.023040  
    OAI32xp33_ASAP7_75t_L  0.023040  
    OAI331xp33_ASAP7_75t_L  0.023040  
    OAI332xp33_ASAP7_75t_L  0.023040  
    OAI333xp33_ASAP7_75t_L  0.023040  
    OAI33xp33_ASAP7_75t_L  0.023040  
       OR2x2_ASAP7_75t_L  0.092160  
       OR2x4_ASAP7_75t_L  0.184320  
       OR2x6_ASAP7_75t_L  0.184320  
       OR3x1_ASAP7_75t_L  0.046080  
       OR3x2_ASAP7_75t_L  0.092160  
       OR3x4_ASAP7_75t_L  0.184320  
       OR4x1_ASAP7_75t_L  0.046080  
       OR4x2_ASAP7_75t_L  0.092160  
       OR5x1_ASAP7_75t_L  0.046080  
       OR5x2_ASAP7_75t_L  0.092160  
      SDFHx1_ASAP7_75t_L  0.046080  
      SDFHx2_ASAP7_75t_L  0.092160  
      SDFHx3_ASAP7_75t_L  0.092160  
      SDFHx4_ASAP7_75t_L  0.184320  
      SDFLx1_ASAP7_75t_L  0.046080  
      SDFLx2_ASAP7_75t_L  0.092160  
      SDFLx3_ASAP7_75t_L  0.092160  
      SDFLx4_ASAP7_75t_L  0.184320  
     XNOR2x1_ASAP7_75t_L  0.046080  
     XNOR2x2_ASAP7_75t_L  0.092160  
    XNOR2xp5_ASAP7_75t_L  0.023040  
      XOR2x1_ASAP7_75t_L  0.046080  
      XOR2x2_ASAP7_75t_L  0.092160  
     XOR2xp5_ASAP7_75t_L  0.023040  
    A2O1A1Ixp33_ASAP7_75t_SL  0.023040  
    A2O1A1O1Ixp25_ASAP7_75t_SL  0.023040  
     AND2x2_ASAP7_75t_SL  0.092160  
     AND2x4_ASAP7_75t_SL  0.184320  
     AND2x6_ASAP7_75t_SL  0.368640  
     AND3x1_ASAP7_75t_SL  0.046080  
     AND3x2_ASAP7_75t_SL  0.092160  
     AND3x4_ASAP7_75t_SL  0.184320  
     AND4x1_ASAP7_75t_SL  0.046080  
     AND4x2_ASAP7_75t_SL  0.092160  
     AND5x1_ASAP7_75t_SL  0.368640  
     AND5x2_ASAP7_75t_SL  0.368640  
    AO211x2_ASAP7_75t_SL  0.092160  
     AO21x1_ASAP7_75t_SL  0.046080  
     AO21x2_ASAP7_75t_SL  0.092160  
    AO221x1_ASAP7_75t_SL  0.046080  
    AO221x2_ASAP7_75t_SL  0.092160  
    AO222x2_ASAP7_75t_SL  0.092160  
     AO22x1_ASAP7_75t_SL  0.046080  
     AO22x2_ASAP7_75t_SL  0.092160  
     AO31x2_ASAP7_75t_SL  0.092160  
    AO322x2_ASAP7_75t_SL  0.092160  
     AO32x1_ASAP7_75t_SL  0.046080  
     AO32x2_ASAP7_75t_SL  0.092160  
    AO331x1_ASAP7_75t_SL  0.046080  
    AO331x2_ASAP7_75t_SL  0.092160  
    AO332x1_ASAP7_75t_SL  0.046080  
    AO332x2_ASAP7_75t_SL  0.092160  
    AO333x1_ASAP7_75t_SL  0.046080  
    AO333x2_ASAP7_75t_SL  0.092160  
     AO33x2_ASAP7_75t_SL  0.092160  
    AOI211x1_ASAP7_75t_SL  0.046080  
    AOI211xp5_ASAP7_75t_SL  0.023040  
    AOI21x1_ASAP7_75t_SL  0.023040  
    AOI21xp33_ASAP7_75t_SL  0.023040  
    AOI21xp5_ASAP7_75t_SL  0.023040  
    AOI221x1_ASAP7_75t_SL  0.046080  
    AOI221xp5_ASAP7_75t_SL  0.023040  
    AOI222xp33_ASAP7_75t_SL  0.023040  
    AOI22x1_ASAP7_75t_SL  0.046080  
    AOI22xp33_ASAP7_75t_SL  0.023040  
    AOI22xp5_ASAP7_75t_SL  0.023040  
    AOI311xp33_ASAP7_75t_SL  0.023040  
    AOI31xp33_ASAP7_75t_SL  0.023040  
    AOI31xp67_ASAP7_75t_SL  0.023040  
    AOI321xp33_ASAP7_75t_SL  0.023040  
    AOI322xp5_ASAP7_75t_SL  0.023040  
    AOI32xp33_ASAP7_75t_SL  0.023040  
    AOI331xp33_ASAP7_75t_SL  0.023040  
    AOI332xp33_ASAP7_75t_SL  0.023040  
    AOI333xp33_ASAP7_75t_SL  0.023040  
    AOI33xp33_ASAP7_75t_SL  0.023040  
    ASYNC_DFFHx1_ASAP7_75t_SL  0.046080  
     BUFx10_ASAP7_75t_SL  0.368640  
     BUFx12_ASAP7_75t_SL  0.368640  
    BUFx12f_ASAP7_75t_SL  0.368640  
    BUFx16f_ASAP7_75t_SL  0.737280  
     BUFx24_ASAP7_75t_SL  1.474560  
      BUFx2_ASAP7_75t_SL  0.092160  
      BUFx3_ASAP7_75t_SL  0.092160  
      BUFx4_ASAP7_75t_SL  0.184320  
     BUFx4f_ASAP7_75t_SL  0.184320  
      BUFx5_ASAP7_75t_SL  0.184320  
     BUFx6f_ASAP7_75t_SL  0.184320  
      BUFx8_ASAP7_75t_SL  0.368640  
    CKINVDCx10_ASAP7_75t_SL  0.737280  
    CKINVDCx11_ASAP7_75t_SL  0.737280  
    CKINVDCx12_ASAP7_75t_SL  0.737280  
    CKINVDCx14_ASAP7_75t_SL  0.737280  
    CKINVDCx16_ASAP7_75t_SL  0.737280  
    CKINVDCx20_ASAP7_75t_SL  0.737280  
    CKINVDCx5p33_ASAP7_75t_SL  0.184320  
    CKINVDCx6p67_ASAP7_75t_SL  0.368640  
    CKINVDCx8_ASAP7_75t_SL  0.368640  
    CKINVDCx9p33_ASAP7_75t_SL  0.368640  
    DFFHQNx1_ASAP7_75t_SL  0.046080  
    DFFHQNx2_ASAP7_75t_SL  0.092160  
    DFFHQNx3_ASAP7_75t_SL  0.092160  
    DFFHQx4_ASAP7_75t_SL  0.092160  
    DFFLQNx1_ASAP7_75t_SL  0.046080  
    DFFLQNx2_ASAP7_75t_SL  0.092160  
    DFFLQNx3_ASAP7_75t_SL  0.092160  
    DFFLQx4_ASAP7_75t_SL  0.184320  
      DHLx1_ASAP7_75t_SL  0.046080  
      DHLx2_ASAP7_75t_SL  0.092160  
      DHLx3_ASAP7_75t_SL  0.092160  
      DLLx1_ASAP7_75t_SL  0.046080  
      DLLx2_ASAP7_75t_SL  0.092160  
      DLLx3_ASAP7_75t_SL  0.092160  
       FAx1_ASAP7_75t_SL  0.046080  
      HAxp5_ASAP7_75t_SL  0.023040  
    HB1xp67_ASAP7_75t_SL  0.023040  
    HB2xp67_ASAP7_75t_SL  0.023040  
    HB3xp67_ASAP7_75t_SL  0.023040  
    HB4xp67_ASAP7_75t_SL  0.023040  
      ICGx1_ASAP7_75t_SL  0.046080  
      ICGx2_ASAP7_75t_SL  0.092160  
    ICGx2p67DC_ASAP7_75t_SL  0.092160  
      ICGx3_ASAP7_75t_SL  0.092160  
    ICGx4DC_ASAP7_75t_SL  0.092160  
      ICGx4_ASAP7_75t_SL  0.092160  
      ICGx5_ASAP7_75t_SL  0.092160  
    ICGx5p33DC_ASAP7_75t_SL  0.092160  
    ICGx6p67DC_ASAP7_75t_SL  0.092160  
    ICGx8DC_ASAP7_75t_SL  0.092160  
     INVx11_ASAP7_75t_SL  0.368640  
     INVx13_ASAP7_75t_SL  0.737280  
      INVx1_ASAP7_75t_SL  0.046080  
      INVx2_ASAP7_75t_SL  0.092160  
      INVx3_ASAP7_75t_SL  0.092160  
      INVx4_ASAP7_75t_SL  0.184320  
      INVx5_ASAP7_75t_SL  0.184320  
      INVx6_ASAP7_75t_SL  0.368640  
      INVx8_ASAP7_75t_SL  0.368640  
    INVxp33_ASAP7_75t_SL  0.023040  
    INVxp67_ASAP7_75t_SL  0.023040  
    MAJIxp5_ASAP7_75t_SL  0.023040  
      MAJx2_ASAP7_75t_SL  0.092160  
      MAJx3_ASAP7_75t_SL  0.092160  
    NAND2x1_ASAP7_75t_SL  0.046080  
    NAND2x1p5_ASAP7_75t_SL  0.023040  
    NAND2x2_ASAP7_75t_SL  0.092160  
    NAND2xp33_ASAP7_75t_SL  0.023040  
    NAND2xp5_ASAP7_75t_SL  0.023040  
    NAND2xp67_ASAP7_75t_SL  0.046080  
    NAND3x1_ASAP7_75t_SL  0.046080  
    NAND3x2_ASAP7_75t_SL  0.092160  
    NAND3xp33_ASAP7_75t_SL  0.023040  
    NAND4xp25_ASAP7_75t_SL  0.023040  
    NAND4xp75_ASAP7_75t_SL  0.046080  
    NAND5xp2_ASAP7_75t_SL  0.092160  
     NOR2x1_ASAP7_75t_SL  0.046080  
    NOR2x1p5_ASAP7_75t_SL  0.092160  
     NOR2x2_ASAP7_75t_SL  0.092160  
    NOR2xp33_ASAP7_75t_SL  0.023040  
    NOR2xp67_ASAP7_75t_SL  0.046080  
     NOR3x1_ASAP7_75t_SL  0.046080  
     NOR3x2_ASAP7_75t_SL  0.092160  
    NOR3xp33_ASAP7_75t_SL  0.023040  
    NOR4xp25_ASAP7_75t_SL  0.023040  
    NOR4xp75_ASAP7_75t_SL  0.046080  
    NOR5xp2_ASAP7_75t_SL  0.023040  
    O2A1O1Ixp33_ASAP7_75t_SL  0.023040  
    O2A1O1Ixp5_ASAP7_75t_SL  0.023040  
    OA211x2_ASAP7_75t_SL  0.092160  
     OA21x2_ASAP7_75t_SL  0.092160  
    OA221x2_ASAP7_75t_SL  0.092160  
    OA222x2_ASAP7_75t_SL  0.092160  
     OA22x2_ASAP7_75t_SL  0.092160  
     OA31x2_ASAP7_75t_SL  0.092160  
    OA331x1_ASAP7_75t_SL  0.046080  
    OA331x2_ASAP7_75t_SL  0.092160  
    OA332x1_ASAP7_75t_SL  0.046080  
    OA332x2_ASAP7_75t_SL  0.092160  
    OA333x1_ASAP7_75t_SL  0.046080  
    OA333x2_ASAP7_75t_SL  0.092160  
     OA33x2_ASAP7_75t_SL  0.092160  
    OAI211xp5_ASAP7_75t_SL  0.023040  
    OAI21x1_ASAP7_75t_SL  0.046080  
    OAI21xp33_ASAP7_75t_SL  0.023040  
    OAI21xp5_ASAP7_75t_SL  0.023040  
    OAI221xp5_ASAP7_75t_SL  0.023040  
    OAI222xp33_ASAP7_75t_SL  0.023040  
    OAI22x1_ASAP7_75t_SL  0.046080  
    OAI22xp33_ASAP7_75t_SL  0.023040  
    OAI22xp5_ASAP7_75t_SL  0.023040  
    OAI311xp33_ASAP7_75t_SL  0.023040  
    OAI31xp33_ASAP7_75t_SL  0.023040  
    OAI31xp67_ASAP7_75t_SL  0.023040  
    OAI321xp33_ASAP7_75t_SL  0.023040  
    OAI322xp33_ASAP7_75t_SL  0.023040  
    OAI32xp33_ASAP7_75t_SL  0.023040  
    OAI331xp33_ASAP7_75t_SL  0.023040  
    OAI332xp33_ASAP7_75t_SL  0.023040  
    OAI333xp33_ASAP7_75t_SL  0.023040  
    OAI33xp33_ASAP7_75t_SL  0.023040  
      OR2x2_ASAP7_75t_SL  0.092160  
      OR2x4_ASAP7_75t_SL  0.184320  
      OR2x6_ASAP7_75t_SL  0.184320  
      OR3x1_ASAP7_75t_SL  0.046080  
      OR3x2_ASAP7_75t_SL  0.092160  
      OR3x4_ASAP7_75t_SL  0.184320  
      OR4x1_ASAP7_75t_SL  0.046080  
      OR4x2_ASAP7_75t_SL  0.092160  
      OR5x1_ASAP7_75t_SL  0.046080  
      OR5x2_ASAP7_75t_SL  0.092160  
     SDFHx1_ASAP7_75t_SL  0.046080  
     SDFHx2_ASAP7_75t_SL  0.092160  
     SDFHx3_ASAP7_75t_SL  0.092160  
     SDFHx4_ASAP7_75t_SL  0.184320  
     SDFLx1_ASAP7_75t_SL  0.046080  
     SDFLx2_ASAP7_75t_SL  0.092160  
     SDFLx3_ASAP7_75t_SL  0.092160  
     SDFLx4_ASAP7_75t_SL  0.184320  
    XNOR2x1_ASAP7_75t_SL  0.046080  
    XNOR2x2_ASAP7_75t_SL  0.092160  
    XNOR2xp5_ASAP7_75t_SL  0.023040  
     XOR2x1_ASAP7_75t_SL  0.046080  
     XOR2x2_ASAP7_75t_SL  0.092160  
    XOR2xp5_ASAP7_75t_SL  0.023040  
    A2O1A1Ixp33_ASAP7_75t_SRAM  0.023040  
    A2O1A1O1Ixp25_ASAP7_75t_SRAM  0.023040  
    AND2x2_ASAP7_75t_SRAM  0.092160  
    AND2x4_ASAP7_75t_SRAM  0.184320  
    AND2x6_ASAP7_75t_SRAM  0.368640  
    AND3x1_ASAP7_75t_SRAM  0.046080  
    AND3x2_ASAP7_75t_SRAM  0.092160  
    AND3x4_ASAP7_75t_SRAM  0.184320  
    AND4x1_ASAP7_75t_SRAM  0.046080  
    AND4x2_ASAP7_75t_SRAM  0.092160  
    AND5x1_ASAP7_75t_SRAM  0.368640  
    AND5x2_ASAP7_75t_SRAM  0.368640  
    AO211x2_ASAP7_75t_SRAM  0.092160  
    AO21x1_ASAP7_75t_SRAM  0.046080  
    AO21x2_ASAP7_75t_SRAM  0.092160  
    AO221x1_ASAP7_75t_SRAM  0.046080  
    AO221x2_ASAP7_75t_SRAM  0.092160  
    AO222x2_ASAP7_75t_SRAM  0.092160  
    AO22x1_ASAP7_75t_SRAM  0.046080  
    AO22x2_ASAP7_75t_SRAM  0.092160  
    AO31x2_ASAP7_75t_SRAM  0.092160  
    AO322x2_ASAP7_75t_SRAM  0.092160  
    AO32x1_ASAP7_75t_SRAM  0.046080  
    AO32x2_ASAP7_75t_SRAM  0.092160  
    AO331x1_ASAP7_75t_SRAM  0.046080  
    AO331x2_ASAP7_75t_SRAM  0.092160  
    AO332x1_ASAP7_75t_SRAM  0.046080  
    AO332x2_ASAP7_75t_SRAM  0.092160  
    AO333x1_ASAP7_75t_SRAM  0.046080  
    AO333x2_ASAP7_75t_SRAM  0.092160  
    AO33x2_ASAP7_75t_SRAM  0.092160  
    AOI211x1_ASAP7_75t_SRAM  0.046080  
    AOI211xp5_ASAP7_75t_SRAM  0.023040  
    AOI21x1_ASAP7_75t_SRAM  0.023040  
    AOI21xp33_ASAP7_75t_SRAM  0.023040  
    AOI21xp5_ASAP7_75t_SRAM  0.023040  
    AOI221x1_ASAP7_75t_SRAM  0.046080  
    AOI221xp5_ASAP7_75t_SRAM  0.023040  
    AOI222xp33_ASAP7_75t_SRAM  0.023040  
    AOI22x1_ASAP7_75t_SRAM  0.046080  
    AOI22xp33_ASAP7_75t_SRAM  0.023040  
    AOI22xp5_ASAP7_75t_SRAM  0.023040  
    AOI311xp33_ASAP7_75t_SRAM  0.023040  
    AOI31xp33_ASAP7_75t_SRAM  0.023040  
    AOI31xp67_ASAP7_75t_SRAM  0.023040  
    AOI321xp33_ASAP7_75t_SRAM  0.023040  
    AOI322xp5_ASAP7_75t_SRAM  0.023040  
    AOI32xp33_ASAP7_75t_SRAM  0.023040  
    AOI331xp33_ASAP7_75t_SRAM  0.023040  
    AOI332xp33_ASAP7_75t_SRAM  0.023040  
    AOI333xp33_ASAP7_75t_SRAM  0.023040  
    AOI33xp33_ASAP7_75t_SRAM  0.023040  
    ASYNC_DFFHx1_ASAP7_75t_SRAM  0.046080  
    BUFx10_ASAP7_75t_SRAM  0.368640  
    BUFx12_ASAP7_75t_SRAM  0.368640  
    BUFx12f_ASAP7_75t_SRAM  0.368640  
    BUFx16f_ASAP7_75t_SRAM  0.737280  
    BUFx24_ASAP7_75t_SRAM  1.474560  
    BUFx2_ASAP7_75t_SRAM  0.092160  
    BUFx3_ASAP7_75t_SRAM  0.092160  
    BUFx4_ASAP7_75t_SRAM  0.184320  
    BUFx4f_ASAP7_75t_SRAM  0.184320  
    BUFx5_ASAP7_75t_SRAM  0.184320  
    BUFx6f_ASAP7_75t_SRAM  0.184320  
    BUFx8_ASAP7_75t_SRAM  0.368640  
    CKINVDCx10_ASAP7_75t_SRAM  0.737280  
    CKINVDCx11_ASAP7_75t_SRAM  0.737280  
    CKINVDCx12_ASAP7_75t_SRAM  0.737280  
    CKINVDCx14_ASAP7_75t_SRAM  0.737280  
    CKINVDCx16_ASAP7_75t_SRAM  0.737280  
    CKINVDCx20_ASAP7_75t_SRAM  0.737280  
    CKINVDCx5p33_ASAP7_75t_SRAM  0.184320  
    CKINVDCx6p67_ASAP7_75t_SRAM  0.368640  
    CKINVDCx8_ASAP7_75t_SRAM  0.368640  
    CKINVDCx9p33_ASAP7_75t_SRAM  0.368640  
    DFFHQNx1_ASAP7_75t_SRAM  0.046080  
    DFFHQNx2_ASAP7_75t_SRAM  0.092160  
    DFFHQNx3_ASAP7_75t_SRAM  0.092160  
    DFFHQx4_ASAP7_75t_SRAM  0.092160  
    DFFLQNx1_ASAP7_75t_SRAM  0.046080  
    DFFLQNx2_ASAP7_75t_SRAM  0.092160  
    DFFLQNx3_ASAP7_75t_SRAM  0.092160  
    DFFLQx4_ASAP7_75t_SRAM  0.184320  
    DHLx1_ASAP7_75t_SRAM  0.046080  
    DHLx2_ASAP7_75t_SRAM  0.092160  
    DHLx3_ASAP7_75t_SRAM  0.092160  
    DLLx1_ASAP7_75t_SRAM  0.046080  
    DLLx2_ASAP7_75t_SRAM  0.092160  
    DLLx3_ASAP7_75t_SRAM  0.092160  
     FAx1_ASAP7_75t_SRAM  0.046080  
    HAxp5_ASAP7_75t_SRAM  0.023040  
    HB1xp67_ASAP7_75t_SRAM  0.023040  
    HB2xp67_ASAP7_75t_SRAM  0.023040  
    HB3xp67_ASAP7_75t_SRAM  0.023040  
    HB4xp67_ASAP7_75t_SRAM  0.023040  
    ICGx1_ASAP7_75t_SRAM  0.046080  
    ICGx2_ASAP7_75t_SRAM  0.092160  
    ICGx2p67DC_ASAP7_75t_SRAM  0.092160  
    ICGx3_ASAP7_75t_SRAM  0.092160  
    ICGx4DC_ASAP7_75t_SRAM  0.092160  
    ICGx4_ASAP7_75t_SRAM  0.092160  
    ICGx5_ASAP7_75t_SRAM  0.092160  
    ICGx5p33DC_ASAP7_75t_SRAM  0.092160  
    ICGx6p67DC_ASAP7_75t_SRAM  0.092160  
    ICGx8DC_ASAP7_75t_SRAM  0.092160  
    INVx11_ASAP7_75t_SRAM  0.368640  
    INVx13_ASAP7_75t_SRAM  0.737280  
    INVx1_ASAP7_75t_SRAM  0.046080  
    INVx2_ASAP7_75t_SRAM  0.092160  
    INVx3_ASAP7_75t_SRAM  0.092160  
    INVx4_ASAP7_75t_SRAM  0.184320  
    INVx5_ASAP7_75t_SRAM  0.184320  
    INVx6_ASAP7_75t_SRAM  0.368640  
    INVx8_ASAP7_75t_SRAM  0.368640  
    INVxp33_ASAP7_75t_SRAM  0.023040  
    INVxp67_ASAP7_75t_SRAM  0.023040  
    MAJIxp5_ASAP7_75t_SRAM  0.023040  
    MAJx2_ASAP7_75t_SRAM  0.092160  
    MAJx3_ASAP7_75t_SRAM  0.092160  
    NAND2x1_ASAP7_75t_SRAM  0.046080  
    NAND2x1p5_ASAP7_75t_SRAM  0.023040  
    NAND2x2_ASAP7_75t_SRAM  0.092160  
    NAND2xp33_ASAP7_75t_SRAM  0.023040  
    NAND2xp5_ASAP7_75t_SRAM  0.023040  
    NAND2xp67_ASAP7_75t_SRAM  0.046080  
    NAND3x1_ASAP7_75t_SRAM  0.046080  
    NAND3x2_ASAP7_75t_SRAM  0.092160  
    NAND3xp33_ASAP7_75t_SRAM  0.023040  
    NAND4xp25_ASAP7_75t_SRAM  0.023040  
    NAND4xp75_ASAP7_75t_SRAM  0.046080  
    NAND5xp2_ASAP7_75t_SRAM  0.092160  
    NOR2x1_ASAP7_75t_SRAM  0.046080  
    NOR2x1p5_ASAP7_75t_SRAM  0.092160  
    NOR2x2_ASAP7_75t_SRAM  0.092160  
    NOR2xp33_ASAP7_75t_SRAM  0.023040  
    NOR2xp67_ASAP7_75t_SRAM  0.046080  
    NOR3x1_ASAP7_75t_SRAM  0.046080  
    NOR3x2_ASAP7_75t_SRAM  0.092160  
    NOR3xp33_ASAP7_75t_SRAM  0.023040  
    NOR4xp25_ASAP7_75t_SRAM  0.023040  
    NOR4xp75_ASAP7_75t_SRAM  0.046080  
    NOR5xp2_ASAP7_75t_SRAM  0.023040  
    O2A1O1Ixp33_ASAP7_75t_SRAM  0.023040  
    O2A1O1Ixp5_ASAP7_75t_SRAM  0.023040  
    OA211x2_ASAP7_75t_SRAM  0.092160  
    OA21x2_ASAP7_75t_SRAM  0.092160  
    OA221x2_ASAP7_75t_SRAM  0.092160  
    OA222x2_ASAP7_75t_SRAM  0.092160  
    OA22x2_ASAP7_75t_SRAM  0.092160  
    OA31x2_ASAP7_75t_SRAM  0.092160  
    OA331x1_ASAP7_75t_SRAM  0.046080  
    OA331x2_ASAP7_75t_SRAM  0.092160  
    OA332x1_ASAP7_75t_SRAM  0.046080  
    OA332x2_ASAP7_75t_SRAM  0.092160  
    OA333x1_ASAP7_75t_SRAM  0.046080  
    OA333x2_ASAP7_75t_SRAM  0.092160  
    OA33x2_ASAP7_75t_SRAM  0.092160  
    OAI211xp5_ASAP7_75t_SRAM  0.023040  
    OAI21x1_ASAP7_75t_SRAM  0.046080  
    OAI21xp33_ASAP7_75t_SRAM  0.023040  
    OAI21xp5_ASAP7_75t_SRAM  0.023040  
    OAI221xp5_ASAP7_75t_SRAM  0.023040  
    OAI222xp33_ASAP7_75t_SRAM  0.023040  
    OAI22x1_ASAP7_75t_SRAM  0.046080  
    OAI22xp33_ASAP7_75t_SRAM  0.023040  
    OAI22xp5_ASAP7_75t_SRAM  0.023040  
    OAI311xp33_ASAP7_75t_SRAM  0.023040  
    OAI31xp33_ASAP7_75t_SRAM  0.023040  
    OAI31xp67_ASAP7_75t_SRAM  0.023040  
    OAI321xp33_ASAP7_75t_SRAM  0.023040  
    OAI322xp33_ASAP7_75t_SRAM  0.023040  
    OAI32xp33_ASAP7_75t_SRAM  0.023040  
    OAI331xp33_ASAP7_75t_SRAM  0.023040  
    OAI332xp33_ASAP7_75t_SRAM  0.023040  
    OAI333xp33_ASAP7_75t_SRAM  0.023040  
    OAI33xp33_ASAP7_75t_SRAM  0.023040  
    OR2x2_ASAP7_75t_SRAM  0.092160  
    OR2x4_ASAP7_75t_SRAM  0.184320  
    OR2x6_ASAP7_75t_SRAM  0.184320  
    OR3x1_ASAP7_75t_SRAM  0.046080  
    OR3x2_ASAP7_75t_SRAM  0.092160  
    OR3x4_ASAP7_75t_SRAM  0.184320  
    OR4x1_ASAP7_75t_SRAM  0.046080  
    OR4x2_ASAP7_75t_SRAM  0.092160  
    OR5x1_ASAP7_75t_SRAM  0.046080  
    OR5x2_ASAP7_75t_SRAM  0.092160  
    SDFHx1_ASAP7_75t_SRAM  0.046080  
    SDFHx2_ASAP7_75t_SRAM  0.092160  
    SDFHx3_ASAP7_75t_SRAM  0.092160  
    SDFHx4_ASAP7_75t_SRAM  0.184320  
    SDFLx1_ASAP7_75t_SRAM  0.046080  
    SDFLx2_ASAP7_75t_SRAM  0.092160  
    SDFLx3_ASAP7_75t_SRAM  0.092160  
    SDFLx4_ASAP7_75t_SRAM  0.184320  
    XNOR2x1_ASAP7_75t_SRAM  0.046080  
    XNOR2x2_ASAP7_75t_SRAM  0.092160  
    XNOR2xp5_ASAP7_75t_SRAM  0.023040  
    XOR2x1_ASAP7_75t_SRAM  0.046080  
    XOR2x2_ASAP7_75t_SRAM  0.092160  
    XOR2xp5_ASAP7_75t_SRAM  0.023040  800  
# Cells in .lib with max_fanout: 0  
SDC max_cap: N/A  
SDC max_tran: N/A  
SDC max_fanout: N/A  
Default Ext. Scale Factor: 1.000  
Detail Ext. Scale Factor: 1.000  

==============================
Floorplan/Placement Information
==============================
Total area of Standard cells: 22391.702 um^2  
Total area of Standard cells(Subtracting Physical Cells): 340.603 um^2  
Total area of Macros: 19499.129 um^2  
Total area of Blockages: 127.896 um^2  
Total area of Pad cells: 0.000 um^2  
Total area of Core: 42715.149 um^2  
Total area of Chip: 42715.149 um^2  
Effective Utilization: 1.0003e+00  
Number of Cell Rows: 667  
% Pure Gate Density #1 (Subtracting BLOCKAGES): 52.578%  
% Pure Gate Density #2 (Subtracting BLOCKAGES and Physical Cells): 0.800%  
% Pure Gate Density #3 (Subtracting MACROS): 96.449%  
% Pure Gate Density #4 (Subtracting MACROS and Physical Cells): 1.467%  
% Pure Gate Density #5 (Subtracting MACROS and BLOCKAGES): 96.984%  
% Pure Gate Density #6 (Subtracting MACROS and BLOCKAGES for insts are not placed): 1.475%  
% Core Density (Counting Std Cells and MACROs): 98.070%  
% Core Density #2(Subtracting Physical Cells): 46.447%  
% Chip Density (Counting Std Cells and MACROs and IOs): 98.070%  
% Chip Density #2(Subtracting Physical Cells): 46.447%  
# Macros within 5 sites of IO pad: No  
Macro halo defined?: Yes  

==============================
Wire Length Distribution
==============================
Total M1 wire length: 0.0000 um  
Total M2 wire length: 2219.1940 um  
Total M3 wire length: 7765.4130 um  
Total M4 wire length: 11110.5600 um  
Total M5 wire length: 1551.5360 um  
Total M6 wire length: 718.8160 um  
Total M7 wire length: 37.4960 um  
Total M8 wire length: 0.0000 um  
Total M9 wire length: 0.0000 um  
Total Pad wire length: 0.0000 um  
Total wire length: 23403.0150 um  
Average wire length/net: 7.2793 um  
Area of Power Net Distribution: 
    ------------------------------
    Area of Power Net Distribution
    ------------------------------
    Layer Name  Area of Power Net  Routable Area  Percentage  
    M1  0.0000  42715.1491  0.0000%  
    M2  0.0000  42715.1491  0.0000%  
    M3  0.0000  42715.1491  0.0000%  
    M4  0.0000  42715.1491  0.0000%  
    M5  0.0000  42715.1491  0.0000%  
    M6  3547.5149  42715.1491  8.3051%  
    M7  3531.4652  42715.1491  8.2675%  
    M8  0.0000  42715.1491  0.0000%  
    M9  0.0000  42715.1491  0.0000%  
    Pad  0.0000  42715.1491  0.0000%  For more information click here  
