###############################################################
#  Generated by:      Cadence Innovus 19.11-s128_1
#  OS:                Linux x86_64(Host ID engnx06a.utdallas.edu)
#  Generated on:      Sat May 10 02:07:33 2025
#  Design:            top
#  Command:           check_pin_assignment
###############################################################

Start Checking pins of top cell: [top] 
**ERROR: (IMPPTN-1755):   Pin [Dclk] of partition [top] connected to net [Dclk] is [FIXED] at location ( 236.832,    0.000) on layer 5 is OVERLAPPED WITH CORNER-MASK of partition top.
**ERROR: (IMPPTN-1755):   Pin [InputL] of partition [top] connected to net [InputL] is [FIXED] at location (   0.048,    0.000) on layer 5 is OVERLAPPED WITH CORNER-MASK of partition top.
Summary report for top level: [top] 
	Total Pins                         : 11
	Legally Assigned Pins              : 9
	Illegally Assigned Pins            : 2
End of Summary report
End Checking pins of top cell: [top] 


===========================================================================================================================
                                                checkPinAssignment Summary
===========================================================================================================================
Partition   | pads  | pins   | legal  | illegal | internal | internal illegal | FT     | FT illegal | constant | unplaced |
===========================================================================================================================
top         |     0 |     11 |      9 |       2 |        0 |                0 |      0 |          0 |        0 |        0 |
===========================================================================================================================
TOTAL       |     0 |     11 |      9 |       2 |        0 |                0 |      0 |          0 |        0 |        0 |
===========================================================================================================================
